0 verbose cli /home/mike__2099/.nvm/versions/node/v22.21.0/bin/node /home/mike__2099/.nvm/versions/node/v22.21.0/bin/npm
1 info using npm@10.9.4
2 info using node@v22.21.0
3 silly config load:file:/home/mike__2099/.nvm/versions/node/v22.21.0/lib/node_modules/npm/npmrc
4 silly config load:file:/home/mike__2099/Documents/GitHub/e-Portfolio-2025/portfolio2/.npmrc
5 silly config load:file:/home/mike__2099/.npmrc
6 silly config load:file:/home/mike__2099/.nvm/versions/node/v22.21.0/etc/npmrc
7 verbose title npm audit fix
8 verbose argv "audit" "fix" "--force"
9 verbose logfile logs-max:10 dir:/home/mike__2099/Documents/GitHub/e-Portfolio-2025/portfolio2/.npm-cache/_logs/2025-12-14T13_41_34_419Z-
10 verbose logfile /home/mike__2099/Documents/GitHub/e-Portfolio-2025/portfolio2/.npm-cache/_logs/2025-12-14T13_41_34_419Z-debug-0.log
11 warn using --force Recommended protections disabled.
12 silly logfile start cleaning logs, removing 1 files
13 silly packumentCache heap:2197815296 maxSize:549453824 maxEntrySize:274726912
14 silly logfile done cleaning log files
15 silly audit bulk request {
15 silly audit   '@babel/code-frame': [ '7.27.1' ],
15 silly audit   '@babel/compat-data': [ '7.28.5' ],
15 silly audit   '@babel/core': [ '7.28.5' ],
15 silly audit   json5: [ '2.2.3', '1.0.2' ],
15 silly audit   semver: [ '6.3.1', '7.7.3' ],
15 silly audit   '@babel/generator': [ '7.28.5' ],
15 silly audit   '@babel/helper-compilation-targets': [ '7.27.2' ],
15 silly audit   '@babel/helper-globals': [ '7.28.0' ],
15 silly audit   '@babel/helper-module-imports': [ '7.27.1' ],
15 silly audit   '@babel/helper-module-transforms': [ '7.28.3' ],
15 silly audit   '@babel/helper-string-parser': [ '7.27.1' ],
15 silly audit   '@babel/helper-validator-identifier': [ '7.28.5' ],
15 silly audit   '@babel/helper-validator-option': [ '7.27.1' ],
15 silly audit   '@babel/helpers': [ '7.28.4' ],
15 silly audit   '@babel/parser': [ '7.28.5' ],
15 silly audit   '@babel/template': [ '7.27.2' ],
15 silly audit   '@babel/traverse': [ '7.28.5' ],
15 silly audit   '@babel/types': [ '7.28.5' ],
15 silly audit   '@emailjs/browser': [ '4.4.1' ],
15 silly audit   '@emnapi/core': [ '1.7.1' ],
15 silly audit   '@emnapi/runtime': [ '1.7.1' ],
15 silly audit   '@emnapi/wasi-threads': [ '1.1.0' ],
15 silly audit   '@esbuild/aix-ppc64': [ '0.27.1' ],
15 silly audit   '@esbuild/android-arm': [ '0.27.1' ],
15 silly audit   '@esbuild/android-arm64': [ '0.27.1' ],
15 silly audit   '@esbuild/android-x64': [ '0.27.1' ],
15 silly audit   '@esbuild/darwin-arm64': [ '0.27.1' ],
15 silly audit   '@esbuild/darwin-x64': [ '0.27.1' ],
15 silly audit   '@esbuild/freebsd-arm64': [ '0.27.1' ],
15 silly audit   '@esbuild/freebsd-x64': [ '0.27.1' ],
15 silly audit   '@esbuild/linux-arm': [ '0.27.1' ],
15 silly audit   '@esbuild/linux-arm64': [ '0.27.1' ],
15 silly audit   '@esbuild/linux-ia32': [ '0.27.1' ],
15 silly audit   '@esbuild/linux-loong64': [ '0.27.1' ],
15 silly audit   '@esbuild/linux-mips64el': [ '0.27.1' ],
15 silly audit   '@esbuild/linux-ppc64': [ '0.27.1' ],
15 silly audit   '@esbuild/linux-riscv64': [ '0.27.1' ],
15 silly audit   '@esbuild/linux-s390x': [ '0.27.1' ],
15 silly audit   '@esbuild/linux-x64': [ '0.27.1' ],
15 silly audit   '@esbuild/netbsd-arm64': [ '0.27.1' ],
15 silly audit   '@esbuild/netbsd-x64': [ '0.27.1' ],
15 silly audit   '@esbuild/openbsd-arm64': [ '0.27.1' ],
15 silly audit   '@esbuild/openbsd-x64': [ '0.27.1' ],
15 silly audit   '@esbuild/openharmony-arm64': [ '0.27.1' ],
15 silly audit   '@esbuild/sunos-x64': [ '0.27.1' ],
15 silly audit   '@esbuild/win32-arm64': [ '0.27.1' ],
15 silly audit   '@esbuild/win32-ia32': [ '0.27.1' ],
15 silly audit   '@esbuild/win32-x64': [ '0.27.1' ],
15 silly audit   '@eslint-community/eslint-utils': [ '4.9.0' ],
15 silly audit   'eslint-visitor-keys': [ '3.4.3', '4.2.1' ],
15 silly audit   '@eslint-community/regexpp': [ '4.12.2' ],
15 silly audit   '@eslint/config-array': [ '0.21.1' ],
15 silly audit   '@eslint/config-helpers': [ '0.4.2' ],
15 silly audit   '@eslint/core': [ '0.17.0' ],
15 silly audit   '@eslint/eslintrc': [ '3.3.3' ],
15 silly audit   '@eslint/js': [ '9.39.2' ],
15 silly audit   '@eslint/object-schema': [ '2.1.7' ],
15 silly audit   '@eslint/plugin-kit': [ '0.4.1' ],
15 silly audit   '@humanfs/core': [ '0.19.1' ],
15 silly audit   '@humanfs/node': [ '0.16.7' ],
15 silly audit   '@humanwhocodes/module-importer': [ '1.0.1' ],
15 silly audit   '@humanwhocodes/retry': [ '0.4.3' ],
15 silly audit   '@img/colour': [ '1.0.0' ],
15 silly audit   '@img/sharp-darwin-arm64': [ '0.34.5' ],
15 silly audit   '@img/sharp-darwin-x64': [ '0.34.5' ],
15 silly audit   '@img/sharp-libvips-darwin-arm64': [ '1.2.4' ],
15 silly audit   '@img/sharp-libvips-darwin-x64': [ '1.2.4' ],
15 silly audit   '@img/sharp-libvips-linux-arm': [ '1.2.4' ],
15 silly audit   '@img/sharp-libvips-linux-arm64': [ '1.2.4' ],
15 silly audit   '@img/sharp-libvips-linux-ppc64': [ '1.2.4' ],
15 silly audit   '@img/sharp-libvips-linux-riscv64': [ '1.2.4' ],
15 silly audit   '@img/sharp-libvips-linux-s390x': [ '1.2.4' ],
15 silly audit   '@img/sharp-libvips-linux-x64': [ '1.2.4' ],
15 silly audit   '@img/sharp-libvips-linuxmusl-arm64': [ '1.2.4' ],
15 silly audit   '@img/sharp-libvips-linuxmusl-x64': [ '1.2.4' ],
15 silly audit   '@img/sharp-linux-arm': [ '0.34.5' ],
15 silly audit   '@img/sharp-linux-arm64': [ '0.34.5' ],
15 silly audit   '@img/sharp-linux-ppc64': [ '0.34.5' ],
15 silly audit   '@img/sharp-linux-riscv64': [ '0.34.5' ],
15 silly audit   '@img/sharp-linux-s390x': [ '0.34.5' ],
15 silly audit   '@img/sharp-linux-x64': [ '0.34.5' ],
15 silly audit   '@img/sharp-linuxmusl-arm64': [ '0.34.5' ],
15 silly audit   '@img/sharp-linuxmusl-x64': [ '0.34.5' ],
15 silly audit   '@img/sharp-wasm32': [ '0.34.5' ],
15 silly audit   '@img/sharp-win32-arm64': [ '0.34.5' ],
15 silly audit   '@img/sharp-win32-ia32': [ '0.34.5' ],
15 silly audit   '@img/sharp-win32-x64': [ '0.34.5' ],
15 silly audit   '@jridgewell/gen-mapping': [ '0.3.13' ],
15 silly audit   '@jridgewell/remapping': [ '2.3.5' ],
15 silly audit   '@jridgewell/resolve-uri': [ '3.1.2' ],
15 silly audit   '@jridgewell/sourcemap-codec': [ '1.5.5' ],
15 silly audit   '@jridgewell/trace-mapping': [ '0.3.31' ],
15 silly audit   '@napi-rs/wasm-runtime': [ '0.2.12' ],
15 silly audit   '@next/env': [ '16.0.10' ],
15 silly audit   '@next/eslint-plugin-next': [ '16.0.10' ],
15 silly audit   '@next/swc-darwin-arm64': [ '16.0.10' ],
15 silly audit   '@next/swc-darwin-x64': [ '16.0.10' ],
15 silly audit   '@next/swc-linux-arm64-gnu': [ '16.0.10' ],
15 silly audit   '@next/swc-linux-arm64-musl': [ '16.0.10' ],
15 silly audit   '@next/swc-linux-x64-gnu': [ '16.0.10' ],
15 silly audit   '@next/swc-linux-x64-musl': [ '16.0.10' ],
15 silly audit   '@next/swc-win32-arm64-msvc': [ '16.0.10' ],
15 silly audit   '@next/swc-win32-x64-msvc': [ '16.0.10' ],
15 silly audit   '@nodelib/fs.scandir': [ '2.1.5' ],
15 silly audit   '@nodelib/fs.stat': [ '2.0.5' ],
15 silly audit   '@nodelib/fs.walk': [ '1.2.8' ],
15 silly audit   '@nolyfill/is-core-module': [ '1.0.39' ],
15 silly audit   '@rtsao/scc': [ '1.1.0' ],
15 silly audit   '@swc/helpers': [ '0.5.15' ],
15 silly audit   '@tybys/wasm-util': [ '0.10.1' ],
15 silly audit   '@types/estree': [ '1.0.8' ],
15 silly audit   '@types/json-schema': [ '7.0.15' ],
15 silly audit   '@types/json5': [ '0.0.29' ],
15 silly audit   '@types/node': [ '20.19.27' ],
15 silly audit   '@types/react': [ '19.2.7' ],
15 silly audit   '@types/react-dom': [ '19.2.3' ],
15 silly audit   '@typescript-eslint/eslint-plugin': [ '8.49.0' ],
15 silly audit   ignore: [ '7.0.5', '5.3.2' ],
15 silly audit   '@typescript-eslint/parser': [ '8.49.0' ],
15 silly audit   '@typescript-eslint/project-service': [ '8.49.0' ],
15 silly audit   '@typescript-eslint/scope-manager': [ '8.49.0' ],
15 silly audit   '@typescript-eslint/tsconfig-utils': [ '8.49.0' ],
15 silly audit   '@typescript-eslint/type-utils': [ '8.49.0' ],
15 silly audit   '@typescript-eslint/types': [ '8.49.0' ],
15 silly audit   '@typescript-eslint/typescript-estree': [ '8.49.0' ],
15 silly audit   'brace-expansion': [ '2.0.2', '1.1.12' ],
15 silly audit   minimatch: [ '9.0.5', '3.1.2' ],
15 silly audit   '@typescript-eslint/utils': [ '8.49.0' ],
15 silly audit   '@typescript-eslint/visitor-keys': [ '8.49.0' ],
15 silly audit   '@unrs/resolver-binding-android-arm-eabi': [ '1.11.1' ],
15 silly audit   '@unrs/resolver-binding-android-arm64': [ '1.11.1' ],
15 silly audit   '@unrs/resolver-binding-darwin-arm64': [ '1.11.1' ],
15 silly audit   '@unrs/resolver-binding-darwin-x64': [ '1.11.1' ],
15 silly audit   '@unrs/resolver-binding-freebsd-x64': [ '1.11.1' ],
15 silly audit   '@unrs/resolver-binding-linux-arm-gnueabihf': [ '1.11.1' ],
15 silly audit   '@unrs/resolver-binding-linux-arm-musleabihf': [ '1.11.1' ],
15 silly audit   '@unrs/resolver-binding-linux-arm64-gnu': [ '1.11.1' ],
15 silly audit   '@unrs/resolver-binding-linux-arm64-musl': [ '1.11.1' ],
15 silly audit   '@unrs/resolver-binding-linux-ppc64-gnu': [ '1.11.1' ],
15 silly audit   '@unrs/resolver-binding-linux-riscv64-gnu': [ '1.11.1' ],
15 silly audit   '@unrs/resolver-binding-linux-riscv64-musl': [ '1.11.1' ],
15 silly audit   '@unrs/resolver-binding-linux-s390x-gnu': [ '1.11.1' ],
15 silly audit   '@unrs/resolver-binding-linux-x64-gnu': [ '1.11.1' ],
15 silly audit   '@unrs/resolver-binding-linux-x64-musl': [ '1.11.1' ],
15 silly audit   '@unrs/resolver-binding-wasm32-wasi': [ '1.11.1' ],
15 silly audit   '@unrs/resolver-binding-win32-arm64-msvc': [ '1.11.1' ],
15 silly audit   '@unrs/resolver-binding-win32-ia32-msvc': [ '1.11.1' ],
15 silly audit   '@unrs/resolver-binding-win32-x64-msvc': [ '1.11.1' ],
15 silly audit   acorn: [ '8.15.0' ],
15 silly audit   'acorn-jsx': [ '5.3.2' ],
15 silly audit   ajv: [ '6.12.6' ],
15 silly audit   'ansi-styles': [ '4.3.0' ],
15 silly audit   argparse: [ '2.0.1' ],
15 silly audit   'aria-query': [ '5.3.2' ],
15 silly audit   'array-buffer-byte-length': [ '1.0.2' ],
15 silly audit   'array-includes': [ '3.1.9' ],
15 silly audit   'array.prototype.findlast': [ '1.2.5' ],
15 silly audit   'array.prototype.findlastindex': [ '1.2.6' ],
15 silly audit   'array.prototype.flat': [ '1.3.3' ],
15 silly audit   'array.prototype.flatmap': [ '1.3.3' ],
15 silly audit   'array.prototype.tosorted': [ '1.1.4' ],
15 silly audit   'arraybuffer.prototype.slice': [ '1.0.4' ],
15 silly audit   'ast-types-flow': [ '0.0.8' ],
15 silly audit   'async-function': [ '1.0.0' ],
15 silly audit   'available-typed-arrays': [ '1.0.7' ],
15 silly audit   'axe-core': [ '4.11.0' ],
15 silly audit   'axobject-query': [ '4.1.0' ],
15 silly audit   'balanced-match': [ '1.0.2' ],
15 silly audit   'baseline-browser-mapping': [ '2.9.7' ],
15 silly audit   braces: [ '3.0.3' ],
15 silly audit   browserslist: [ '4.28.1' ],
15 silly audit   'call-bind': [ '1.0.8' ],
15 silly audit   'call-bind-apply-helpers': [ '1.0.2' ],
15 silly audit   'call-bound': [ '1.0.4' ],
15 silly audit   callsites: [ '3.1.0' ],
15 silly audit   'caniuse-lite': [ '1.0.30001760' ],
15 silly audit   chalk: [ '4.1.2' ],
15 silly audit   'client-only': [ '0.0.1' ],
15 silly audit   'color-convert': [ '2.0.1' ],
15 silly audit   'color-name': [ '1.1.4' ],
15 silly audit   'concat-map': [ '0.0.1' ],
15 silly audit   'convert-source-map': [ '2.0.0' ],
15 silly audit   'cross-spawn': [ '7.0.6' ],
15 silly audit   csstype: [ '3.2.3' ],
15 silly audit   'damerau-levenshtein': [ '1.0.8' ],
15 silly audit   'data-view-buffer': [ '1.0.2' ],
15 silly audit   'data-view-byte-length': [ '1.0.2' ],
15 silly audit   'data-view-byte-offset': [ '1.0.1' ],
15 silly audit   debug: [ '4.4.3', '3.2.7' ],
15 silly audit   'deep-is': [ '0.1.4' ],
15 silly audit   'define-data-property': [ '1.1.4' ],
15 silly audit   'define-properties': [ '1.2.1' ],
15 silly audit   'detect-libc': [ '2.1.2' ],
15 silly audit   doctrine: [ '2.1.0' ],
15 silly audit   'dunder-proto': [ '1.0.1' ],
15 silly audit   'electron-to-chromium': [ '1.5.267' ],
15 silly audit   'emoji-regex': [ '9.2.2' ],
15 silly audit   'es-abstract': [ '1.24.1' ],
15 silly audit   'es-define-property': [ '1.0.1' ],
15 silly audit   'es-errors': [ '1.3.0' ],
15 silly audit   'es-iterator-helpers': [ '1.2.2' ],
15 silly audit   'es-object-atoms': [ '1.1.1' ],
15 silly audit   'es-set-tostringtag': [ '2.1.0' ],
15 silly audit   'es-shim-unscopables': [ '1.1.0' ],
15 silly audit   'es-to-primitive': [ '1.3.0' ],
15 silly audit   esbuild: [ '0.27.1' ],
15 silly audit   escalade: [ '3.2.0' ],
15 silly audit   'escape-string-regexp': [ '4.0.0' ],
15 silly audit   eslint: [ '9.39.2' ],
15 silly audit   'eslint-config-next': [ '16.0.10' ],
15 silly audit   globals: [ '16.4.0', '14.0.0' ],
15 silly audit   'eslint-import-resolver-node': [ '0.3.9' ],
15 silly audit   'eslint-import-resolver-typescript': [ '3.10.1' ],
15 silly audit   'eslint-module-utils': [ '2.12.1' ],
15 silly audit   'eslint-plugin-import': [ '2.32.0' ],
15 silly audit   'eslint-plugin-jsx-a11y': [ '6.10.2' ],
15 silly audit   'eslint-plugin-react': [ '7.37.5' ],
15 silly audit   'eslint-plugin-react-hooks': [ '7.0.1' ],
15 silly audit   resolve: [ '2.0.0-next.5', '1.22.11' ],
15 silly audit   'eslint-scope': [ '8.4.0' ],
15 silly audit   espree: [ '10.4.0' ],
15 silly audit   esquery: [ '1.6.0' ],
15 silly audit   esrecurse: [ '4.3.0' ],
15 silly audit   estraverse: [ '5.3.0' ],
15 silly audit   esutils: [ '2.0.3' ],
15 silly audit   'fast-deep-equal': [ '3.1.3' ],
15 silly audit   'fast-glob': [ '3.3.1' ],
15 silly audit   'glob-parent': [ '5.1.2', '6.0.2' ],
15 silly audit   'fast-json-stable-stringify': [ '2.1.0' ],
15 silly audit   'fast-levenshtein': [ '2.0.6' ],
15 silly audit   fastq: [ '1.19.1' ],
15 silly audit   'file-entry-cache': [ '8.0.0' ],
15 silly audit   'fill-range': [ '7.1.1' ],
15 silly audit   'find-up': [ '5.0.0' ],
15 silly audit   'flat-cache': [ '4.0.1' ],
15 silly audit   flatted: [ '3.3.3' ],
15 silly audit   'for-each': [ '0.3.5' ],
15 silly audit   fsevents: [ '2.3.3' ],
15 silly audit   'function-bind': [ '1.1.2' ],
15 silly audit   'function.prototype.name': [ '1.1.8' ],
15 silly audit   'functions-have-names': [ '1.2.3' ],
15 silly audit   'generator-function': [ '2.0.1' ],
15 silly audit   gensync: [ '1.0.0-beta.2' ],
15 silly audit   'get-intrinsic': [ '1.3.0' ],
15 silly audit   'get-proto': [ '1.0.1' ],
15 silly audit   'get-symbol-description': [ '1.1.0' ],
15 silly audit   'get-tsconfig': [ '4.13.0' ],
15 silly audit   globalthis: [ '1.0.4' ],
15 silly audit   gopd: [ '1.2.0' ],
15 silly audit   gsap: [ '3.14.2' ],
15 silly audit   'has-bigints': [ '1.1.0' ],
15 silly audit   'has-flag': [ '4.0.0' ],
15 silly audit   'has-property-descriptors': [ '1.0.2' ],
15 silly audit   'has-proto': [ '1.2.0' ],
15 silly audit   'has-symbols': [ '1.1.0' ],
15 silly audit   'has-tostringtag': [ '1.0.2' ],
15 silly audit   hasown: [ '2.0.2' ],
15 silly audit   'hermes-estree': [ '0.25.1' ],
15 silly audit   'hermes-parser': [ '0.25.1' ],
15 silly audit   'import-fresh': [ '3.3.1' ],
15 silly audit   imurmurhash: [ '0.1.4' ],
15 silly audit   'internal-slot': [ '1.1.0' ],
15 silly audit   'is-array-buffer': [ '3.0.5' ],
15 silly audit   'is-async-function': [ '2.1.1' ],
15 silly audit   'is-bigint': [ '1.1.0' ],
15 silly audit   'is-boolean-object': [ '1.2.2' ],
15 silly audit   'is-bun-module': [ '2.0.0' ],
15 silly audit   'is-callable': [ '1.2.7' ],
15 silly audit   'is-core-module': [ '2.16.1' ],
15 silly audit   'is-data-view': [ '1.0.2' ],
15 silly audit   'is-date-object': [ '1.1.0' ],
15 silly audit   'is-extglob': [ '2.1.1' ],
15 silly audit   'is-finalizationregistry': [ '1.1.1' ],
15 silly audit   'is-generator-function': [ '1.1.2' ],
15 silly audit   'is-glob': [ '4.0.3' ],
15 silly audit   'is-map': [ '2.0.3' ],
15 silly audit   'is-negative-zero': [ '2.0.3' ],
15 silly audit   'is-number': [ '7.0.0' ],
15 silly audit   'is-number-object': [ '1.1.1' ],
15 silly audit   'is-regex': [ '1.2.1' ],
15 silly audit   'is-set': [ '2.0.3' ],
15 silly audit   'is-shared-array-buffer': [ '1.0.4' ],
15 silly audit   'is-string': [ '1.1.1' ],
15 silly audit   'is-symbol': [ '1.1.1' ],
15 silly audit   'is-typed-array': [ '1.1.15' ],
15 silly audit   'is-weakmap': [ '2.0.2' ],
15 silly audit   'is-weakref': [ '1.1.1' ],
15 silly audit   'is-weakset': [ '2.0.4' ],
15 silly audit   isarray: [ '2.0.5' ],
15 silly audit   isexe: [ '2.0.0' ],
15 silly audit   'iterator.prototype': [ '1.1.5' ],
15 silly audit   'js-tokens': [ '4.0.0' ],
15 silly audit   'js-yaml': [ '4.1.1' ],
15 silly audit   jsesc: [ '3.1.0' ],
15 silly audit   'json-buffer': [ '3.0.1' ],
15 silly audit   'json-schema-traverse': [ '0.4.1' ],
15 silly audit   'json-stable-stringify-without-jsonify': [ '1.0.1' ],
15 silly audit   'jsx-ast-utils': [ '3.3.5' ],
15 silly audit   keyv: [ '4.5.4' ],
15 silly audit   'language-subtag-registry': [ '0.3.23' ],
15 silly audit   'language-tags': [ '1.0.9' ],
15 silly audit   levn: [ '0.4.1' ],
15 silly audit   'locate-path': [ '6.0.0' ],
15 silly audit   'lodash.merge': [ '4.6.2' ],
15 silly audit   'loose-envify': [ '1.4.0' ],
15 silly audit   'lru-cache': [ '5.1.1' ],
15 silly audit   'math-intrinsics': [ '1.1.0' ],
15 silly audit   merge2: [ '1.4.1' ],
15 silly audit   micromatch: [ '4.0.8' ],
15 silly audit   minimist: [ '1.2.8' ],
15 silly audit   ms: [ '2.1.3' ],
15 silly audit   nanoid: [ '3.3.11' ],
15 silly audit   'napi-postinstall': [ '0.3.4' ],
15 silly audit   'natural-compare': [ '1.4.0' ],
15 silly audit   next: [ '16.0.10' ],
15 silly audit   'node-releases': [ '2.0.27' ],
15 silly audit   'object-assign': [ '4.1.1' ],
15 silly audit   'object-inspect': [ '1.13.4' ],
15 silly audit   'object-keys': [ '1.1.1' ],
15 silly audit   'object.assign': [ '4.1.7' ],
15 silly audit   'object.entries': [ '1.1.9' ],
15 silly audit   'object.fromentries': [ '2.0.8' ],
15 silly audit   'object.groupby': [ '1.0.3' ],
15 silly audit   'object.values': [ '1.2.1' ],
15 silly audit   optionator: [ '0.9.4' ],
15 silly audit   'own-keys': [ '1.0.1' ],
15 silly audit   'p-limit': [ '3.1.0' ],
15 silly audit   'p-locate': [ '5.0.0' ],
15 silly audit   'parent-module': [ '1.0.1' ],
15 silly audit   'path-exists': [ '4.0.0' ],
15 silly audit   'path-key': [ '3.1.1' ],
15 silly audit   'path-parse': [ '1.0.7' ],
15 silly audit   picocolors: [ '1.1.1' ],
15 silly audit   picomatch: [ '2.3.1', '4.0.3' ],
15 silly audit   'possible-typed-array-names': [ '1.1.0' ],
15 silly audit   postcss: [ '8.4.31' ],
15 silly audit   'prelude-ls': [ '1.2.1' ],
15 silly audit   'prop-types': [ '15.8.1' ],
15 silly audit   punycode: [ '2.3.1' ],
15 silly audit   'queue-microtask': [ '1.2.3' ],
15 silly audit   react: [ '19.2.3' ],
15 silly audit   'react-dom': [ '19.2.3' ],
15 silly audit   'react-icons': [ '5.5.0' ],
15 silly audit   'react-is': [ '16.13.1' ],
15 silly audit   'reflect.getprototypeof': [ '1.0.10' ],
15 silly audit   'regexp.prototype.flags': [ '1.5.4' ],
15 silly audit   'resolve-from': [ '4.0.0' ],
15 silly audit   'resolve-pkg-maps': [ '1.0.0' ],
15 silly audit   reusify: [ '1.1.0' ],
15 silly audit   'run-parallel': [ '1.2.0' ],
15 silly audit   'safe-array-concat': [ '1.1.3' ],
15 silly audit   'safe-push-apply': [ '1.0.0' ],
15 silly audit   'safe-regex-test': [ '1.1.0' ],
15 silly audit   scheduler: [ '0.27.0' ],
15 silly audit   'set-function-length': [ '1.2.2' ],
15 silly audit   'set-function-name': [ '2.0.2' ],
15 silly audit   'set-proto': [ '1.0.0' ],
15 silly audit   sharp: [ '0.34.5' ],
15 silly audit   'shebang-command': [ '2.0.0' ],
15 silly audit   'shebang-regex': [ '3.0.0' ],
15 silly audit   'side-channel': [ '1.1.0' ],
15 silly audit   'side-channel-list': [ '1.0.0' ],
15 silly audit   'side-channel-map': [ '1.0.1' ],
15 silly audit   'side-channel-weakmap': [ '1.0.2' ],
15 silly audit   'simple-icons': [ '15.22.0' ],
15 silly audit   'source-map-js': [ '1.2.1' ],
15 silly audit   'stable-hash': [ '0.0.5' ],
15 silly audit   'stop-iteration-iterator': [ '1.1.0' ],
15 silly audit   'string.prototype.includes': [ '2.0.1' ],
15 silly audit   'string.prototype.matchall': [ '4.0.12' ],
15 silly audit   'string.prototype.repeat': [ '1.0.0' ],
15 silly audit   'string.prototype.trim': [ '1.2.10' ],
15 silly audit   'string.prototype.trimend': [ '1.0.9' ],
15 silly audit   'string.prototype.trimstart': [ '1.0.8' ],
15 silly audit   'strip-bom': [ '3.0.0' ],
15 silly audit   'strip-json-comments': [ '3.1.1' ],
15 silly audit   'styled-jsx': [ '5.1.6' ],
15 silly audit   'supports-color': [ '7.2.0' ],
15 silly audit   'supports-preserve-symlinks-flag': [ '1.0.0' ],
15 silly audit   tinyglobby: [ '0.2.15' ],
15 silly audit   fdir: [ '6.5.0' ],
15 silly audit   'to-regex-range': [ '5.0.1' ],
15 silly audit   'ts-api-utils': [ '2.1.0' ],
15 silly audit   'tsconfig-paths': [ '3.15.0' ],
15 silly audit   tslib: [ '2.8.1' ],
15 silly audit   tsx: [ '4.21.0' ],
15 silly audit   'type-check': [ '0.4.0' ],
15 silly audit   'typed-array-buffer': [ '1.0.3' ],
15 silly audit   'typed-array-byte-length': [ '1.0.3' ],
15 silly audit   'typed-array-byte-offset': [ '1.0.4' ],
15 silly audit   'typed-array-length': [ '1.0.7' ],
15 silly audit   typescript: [ '5.9.3' ],
15 silly audit   'typescript-eslint': [ '8.49.0' ],
15 silly audit   'unbox-primitive': [ '1.1.0' ],
15 silly audit   'undici-types': [ '6.21.0' ],
15 silly audit   'unrs-resolver': [ '1.11.1' ],
15 silly audit   'update-browserslist-db': [ '1.2.2' ],
15 silly audit   'uri-js': [ '4.4.1' ],
15 silly audit   which: [ '2.0.2' ],
15 silly audit   'which-boxed-primitive': [ '1.1.1' ],
15 silly audit   'which-builtin-type': [ '1.2.1' ],
15 silly audit   'which-collection': [ '1.0.2' ],
15 silly audit   'which-typed-array': [ '1.1.19' ],
15 silly audit   'word-wrap': [ '1.2.5' ],
15 silly audit   yallist: [ '3.1.1' ],
15 silly audit   'yocto-queue': [ '0.1.0' ],
15 silly audit   zod: [ '4.1.13' ],
15 silly audit   'zod-validation-error': [ '4.0.2' ]
15 silly audit }
16 http fetch POST 200 https://registry.npmjs.org/-/npm/v1/security/advisories/bulk 211ms
17 silly audit report {}
18 silly idealTree buildDeps
19 verbose shrinkwrap failed to load node_modules/.package-lock.json out of date, updated: node_modules
20 silly reify moves {}
21 silly audit bulk request {
21 silly audit   '@babel/code-frame': [ '7.27.1' ],
21 silly audit   '@babel/compat-data': [ '7.28.5' ],
21 silly audit   '@babel/core': [ '7.28.5' ],
21 silly audit   json5: [ '2.2.3', '1.0.2' ],
21 silly audit   semver: [ '6.3.1', '7.7.3' ],
21 silly audit   '@babel/generator': [ '7.28.5' ],
21 silly audit   '@babel/helper-compilation-targets': [ '7.27.2' ],
21 silly audit   '@babel/helper-globals': [ '7.28.0' ],
21 silly audit   '@babel/helper-module-imports': [ '7.27.1' ],
21 silly audit   '@babel/helper-module-transforms': [ '7.28.3' ],
21 silly audit   '@babel/helper-string-parser': [ '7.27.1' ],
21 silly audit   '@babel/helper-validator-identifier': [ '7.28.5' ],
21 silly audit   '@babel/helper-validator-option': [ '7.27.1' ],
21 silly audit   '@babel/helpers': [ '7.28.4' ],
21 silly audit   '@babel/parser': [ '7.28.5' ],
21 silly audit   '@babel/template': [ '7.27.2' ],
21 silly audit   '@babel/traverse': [ '7.28.5' ],
21 silly audit   '@babel/types': [ '7.28.5' ],
21 silly audit   '@emailjs/browser': [ '4.4.1' ],
21 silly audit   '@emnapi/core': [ '1.7.1' ],
21 silly audit   '@emnapi/runtime': [ '1.7.1' ],
21 silly audit   '@emnapi/wasi-threads': [ '1.1.0' ],
21 silly audit   '@esbuild/aix-ppc64': [ '0.27.1' ],
21 silly audit   '@esbuild/android-arm': [ '0.27.1' ],
21 silly audit   '@esbuild/android-arm64': [ '0.27.1' ],
21 silly audit   '@esbuild/android-x64': [ '0.27.1' ],
21 silly audit   '@esbuild/darwin-arm64': [ '0.27.1' ],
21 silly audit   '@esbuild/darwin-x64': [ '0.27.1' ],
21 silly audit   '@esbuild/freebsd-arm64': [ '0.27.1' ],
21 silly audit   '@esbuild/freebsd-x64': [ '0.27.1' ],
21 silly audit   '@esbuild/linux-arm': [ '0.27.1' ],
21 silly audit   '@esbuild/linux-arm64': [ '0.27.1' ],
21 silly audit   '@esbuild/linux-ia32': [ '0.27.1' ],
21 silly audit   '@esbuild/linux-loong64': [ '0.27.1' ],
21 silly audit   '@esbuild/linux-mips64el': [ '0.27.1' ],
21 silly audit   '@esbuild/linux-ppc64': [ '0.27.1' ],
21 silly audit   '@esbuild/linux-riscv64': [ '0.27.1' ],
21 silly audit   '@esbuild/linux-s390x': [ '0.27.1' ],
21 silly audit   '@esbuild/linux-x64': [ '0.27.1' ],
21 silly audit   '@esbuild/netbsd-arm64': [ '0.27.1' ],
21 silly audit   '@esbuild/netbsd-x64': [ '0.27.1' ],
21 silly audit   '@esbuild/openbsd-arm64': [ '0.27.1' ],
21 silly audit   '@esbuild/openbsd-x64': [ '0.27.1' ],
21 silly audit   '@esbuild/openharmony-arm64': [ '0.27.1' ],
21 silly audit   '@esbuild/sunos-x64': [ '0.27.1' ],
21 silly audit   '@esbuild/win32-arm64': [ '0.27.1' ],
21 silly audit   '@esbuild/win32-ia32': [ '0.27.1' ],
21 silly audit   '@esbuild/win32-x64': [ '0.27.1' ],
21 silly audit   '@eslint-community/eslint-utils': [ '4.9.0' ],
21 silly audit   'eslint-visitor-keys': [ '3.4.3', '4.2.1' ],
21 silly audit   '@eslint-community/regexpp': [ '4.12.2' ],
21 silly audit   '@eslint/config-array': [ '0.21.1' ],
21 silly audit   '@eslint/config-helpers': [ '0.4.2' ],
21 silly audit   '@eslint/core': [ '0.17.0' ],
21 silly audit   '@eslint/eslintrc': [ '3.3.3' ],
21 silly audit   '@eslint/js': [ '9.39.2' ],
21 silly audit   '@eslint/object-schema': [ '2.1.7' ],
21 silly audit   '@eslint/plugin-kit': [ '0.4.1' ],
21 silly audit   '@humanfs/core': [ '0.19.1' ],
21 silly audit   '@humanfs/node': [ '0.16.7' ],
21 silly audit   '@humanwhocodes/module-importer': [ '1.0.1' ],
21 silly audit   '@humanwhocodes/retry': [ '0.4.3' ],
21 silly audit   '@img/colour': [ '1.0.0' ],
21 silly audit   '@img/sharp-darwin-arm64': [ '0.34.5' ],
21 silly audit   '@img/sharp-darwin-x64': [ '0.34.5' ],
21 silly audit   '@img/sharp-libvips-darwin-arm64': [ '1.2.4' ],
21 silly audit   '@img/sharp-libvips-darwin-x64': [ '1.2.4' ],
21 silly audit   '@img/sharp-libvips-linux-arm': [ '1.2.4' ],
21 silly audit   '@img/sharp-libvips-linux-arm64': [ '1.2.4' ],
21 silly audit   '@img/sharp-libvips-linux-ppc64': [ '1.2.4' ],
21 silly audit   '@img/sharp-libvips-linux-riscv64': [ '1.2.4' ],
21 silly audit   '@img/sharp-libvips-linux-s390x': [ '1.2.4' ],
21 silly audit   '@img/sharp-libvips-linux-x64': [ '1.2.4' ],
21 silly audit   '@img/sharp-libvips-linuxmusl-arm64': [ '1.2.4' ],
21 silly audit   '@img/sharp-libvips-linuxmusl-x64': [ '1.2.4' ],
21 silly audit   '@img/sharp-linux-arm': [ '0.34.5' ],
21 silly audit   '@img/sharp-linux-arm64': [ '0.34.5' ],
21 silly audit   '@img/sharp-linux-ppc64': [ '0.34.5' ],
21 silly audit   '@img/sharp-linux-riscv64': [ '0.34.5' ],
21 silly audit   '@img/sharp-linux-s390x': [ '0.34.5' ],
21 silly audit   '@img/sharp-linux-x64': [ '0.34.5' ],
21 silly audit   '@img/sharp-linuxmusl-arm64': [ '0.34.5' ],
21 silly audit   '@img/sharp-linuxmusl-x64': [ '0.34.5' ],
21 silly audit   '@img/sharp-wasm32': [ '0.34.5' ],
21 silly audit   '@img/sharp-win32-arm64': [ '0.34.5' ],
21 silly audit   '@img/sharp-win32-ia32': [ '0.34.5' ],
21 silly audit   '@img/sharp-win32-x64': [ '0.34.5' ],
21 silly audit   '@jridgewell/gen-mapping': [ '0.3.13' ],
21 silly audit   '@jridgewell/remapping': [ '2.3.5' ],
21 silly audit   '@jridgewell/resolve-uri': [ '3.1.2' ],
21 silly audit   '@jridgewell/sourcemap-codec': [ '1.5.5' ],
21 silly audit   '@jridgewell/trace-mapping': [ '0.3.31' ],
21 silly audit   '@napi-rs/wasm-runtime': [ '0.2.12' ],
21 silly audit   '@next/env': [ '16.0.10' ],
21 silly audit   '@next/eslint-plugin-next': [ '16.0.10' ],
21 silly audit   '@next/swc-darwin-arm64': [ '16.0.10' ],
21 silly audit   '@next/swc-darwin-x64': [ '16.0.10' ],
21 silly audit   '@next/swc-linux-arm64-gnu': [ '16.0.10' ],
21 silly audit   '@next/swc-linux-arm64-musl': [ '16.0.10' ],
21 silly audit   '@next/swc-linux-x64-gnu': [ '16.0.10' ],
21 silly audit   '@next/swc-linux-x64-musl': [ '16.0.10' ],
21 silly audit   '@next/swc-win32-arm64-msvc': [ '16.0.10' ],
21 silly audit   '@next/swc-win32-x64-msvc': [ '16.0.10' ],
21 silly audit   '@nodelib/fs.scandir': [ '2.1.5' ],
21 silly audit   '@nodelib/fs.stat': [ '2.0.5' ],
21 silly audit   '@nodelib/fs.walk': [ '1.2.8' ],
21 silly audit   '@nolyfill/is-core-module': [ '1.0.39' ],
21 silly audit   '@rtsao/scc': [ '1.1.0' ],
21 silly audit   '@swc/helpers': [ '0.5.15' ],
21 silly audit   '@tybys/wasm-util': [ '0.10.1' ],
21 silly audit   '@types/estree': [ '1.0.8' ],
21 silly audit   '@types/json-schema': [ '7.0.15' ],
21 silly audit   '@types/json5': [ '0.0.29' ],
21 silly audit   '@types/node': [ '20.19.27' ],
21 silly audit   '@types/react': [ '19.2.7' ],
21 silly audit   '@types/react-dom': [ '19.2.3' ],
21 silly audit   '@typescript-eslint/eslint-plugin': [ '8.49.0' ],
21 silly audit   ignore: [ '7.0.5', '5.3.2' ],
21 silly audit   '@typescript-eslint/parser': [ '8.49.0' ],
21 silly audit   '@typescript-eslint/project-service': [ '8.49.0' ],
21 silly audit   '@typescript-eslint/scope-manager': [ '8.49.0' ],
21 silly audit   '@typescript-eslint/tsconfig-utils': [ '8.49.0' ],
21 silly audit   '@typescript-eslint/type-utils': [ '8.49.0' ],
21 silly audit   '@typescript-eslint/types': [ '8.49.0' ],
21 silly audit   '@typescript-eslint/typescript-estree': [ '8.49.0' ],
21 silly audit   'brace-expansion': [ '2.0.2', '1.1.12' ],
21 silly audit   minimatch: [ '9.0.5', '3.1.2' ],
21 silly audit   '@typescript-eslint/utils': [ '8.49.0' ],
21 silly audit   '@typescript-eslint/visitor-keys': [ '8.49.0' ],
21 silly audit   '@unrs/resolver-binding-android-arm-eabi': [ '1.11.1' ],
21 silly audit   '@unrs/resolver-binding-android-arm64': [ '1.11.1' ],
21 silly audit   '@unrs/resolver-binding-darwin-arm64': [ '1.11.1' ],
21 silly audit   '@unrs/resolver-binding-darwin-x64': [ '1.11.1' ],
21 silly audit   '@unrs/resolver-binding-freebsd-x64': [ '1.11.1' ],
21 silly audit   '@unrs/resolver-binding-linux-arm-gnueabihf': [ '1.11.1' ],
21 silly audit   '@unrs/resolver-binding-linux-arm-musleabihf': [ '1.11.1' ],
21 silly audit   '@unrs/resolver-binding-linux-arm64-gnu': [ '1.11.1' ],
21 silly audit   '@unrs/resolver-binding-linux-arm64-musl': [ '1.11.1' ],
21 silly audit   '@unrs/resolver-binding-linux-ppc64-gnu': [ '1.11.1' ],
21 silly audit   '@unrs/resolver-binding-linux-riscv64-gnu': [ '1.11.1' ],
21 silly audit   '@unrs/resolver-binding-linux-riscv64-musl': [ '1.11.1' ],
21 silly audit   '@unrs/resolver-binding-linux-s390x-gnu': [ '1.11.1' ],
21 silly audit   '@unrs/resolver-binding-linux-x64-gnu': [ '1.11.1' ],
21 silly audit   '@unrs/resolver-binding-linux-x64-musl': [ '1.11.1' ],
21 silly audit   '@unrs/resolver-binding-wasm32-wasi': [ '1.11.1' ],
21 silly audit   '@unrs/resolver-binding-win32-arm64-msvc': [ '1.11.1' ],
21 silly audit   '@unrs/resolver-binding-win32-ia32-msvc': [ '1.11.1' ],
21 silly audit   '@unrs/resolver-binding-win32-x64-msvc': [ '1.11.1' ],
21 silly audit   acorn: [ '8.15.0' ],
21 silly audit   'acorn-jsx': [ '5.3.2' ],
21 silly audit   ajv: [ '6.12.6' ],
21 silly audit   'ansi-styles': [ '4.3.0' ],
21 silly audit   argparse: [ '2.0.1' ],
21 silly audit   'aria-query': [ '5.3.2' ],
21 silly audit   'array-buffer-byte-length': [ '1.0.2' ],
21 silly audit   'array-includes': [ '3.1.9' ],
21 silly audit   'array.prototype.findlast': [ '1.2.5' ],
21 silly audit   'array.prototype.findlastindex': [ '1.2.6' ],
21 silly audit   'array.prototype.flat': [ '1.3.3' ],
21 silly audit   'array.prototype.flatmap': [ '1.3.3' ],
21 silly audit   'array.prototype.tosorted': [ '1.1.4' ],
21 silly audit   'arraybuffer.prototype.slice': [ '1.0.4' ],
21 silly audit   'ast-types-flow': [ '0.0.8' ],
21 silly audit   'async-function': [ '1.0.0' ],
21 silly audit   'available-typed-arrays': [ '1.0.7' ],
21 silly audit   'axe-core': [ '4.11.0' ],
21 silly audit   'axobject-query': [ '4.1.0' ],
21 silly audit   'balanced-match': [ '1.0.2' ],
21 silly audit   'baseline-browser-mapping': [ '2.9.7' ],
21 silly audit   braces: [ '3.0.3' ],
21 silly audit   browserslist: [ '4.28.1' ],
21 silly audit   'call-bind': [ '1.0.8' ],
21 silly audit   'call-bind-apply-helpers': [ '1.0.2' ],
21 silly audit   'call-bound': [ '1.0.4' ],
21 silly audit   callsites: [ '3.1.0' ],
21 silly audit   'caniuse-lite': [ '1.0.30001760' ],
21 silly audit   chalk: [ '4.1.2' ],
21 silly audit   'client-only': [ '0.0.1' ],
21 silly audit   'color-convert': [ '2.0.1' ],
21 silly audit   'color-name': [ '1.1.4' ],
21 silly audit   'concat-map': [ '0.0.1' ],
21 silly audit   'convert-source-map': [ '2.0.0' ],
21 silly audit   'cross-spawn': [ '7.0.6' ],
21 silly audit   csstype: [ '3.2.3' ],
21 silly audit   'damerau-levenshtein': [ '1.0.8' ],
21 silly audit   'data-view-buffer': [ '1.0.2' ],
21 silly audit   'data-view-byte-length': [ '1.0.2' ],
21 silly audit   'data-view-byte-offset': [ '1.0.1' ],
21 silly audit   debug: [ '4.4.3', '3.2.7' ],
21 silly audit   'deep-is': [ '0.1.4' ],
21 silly audit   'define-data-property': [ '1.1.4' ],
21 silly audit   'define-properties': [ '1.2.1' ],
21 silly audit   'detect-libc': [ '2.1.2' ],
21 silly audit   doctrine: [ '2.1.0' ],
21 silly audit   'dunder-proto': [ '1.0.1' ],
21 silly audit   'electron-to-chromium': [ '1.5.267' ],
21 silly audit   'emoji-regex': [ '9.2.2' ],
21 silly audit   'es-abstract': [ '1.24.1' ],
21 silly audit   'es-define-property': [ '1.0.1' ],
21 silly audit   'es-errors': [ '1.3.0' ],
21 silly audit   'es-iterator-helpers': [ '1.2.2' ],
21 silly audit   'es-object-atoms': [ '1.1.1' ],
21 silly audit   'es-set-tostringtag': [ '2.1.0' ],
21 silly audit   'es-shim-unscopables': [ '1.1.0' ],
21 silly audit   'es-to-primitive': [ '1.3.0' ],
21 silly audit   esbuild: [ '0.27.1' ],
21 silly audit   escalade: [ '3.2.0' ],
21 silly audit   'escape-string-regexp': [ '4.0.0' ],
21 silly audit   eslint: [ '9.39.2' ],
21 silly audit   'eslint-config-next': [ '16.0.10' ],
21 silly audit   globals: [ '16.4.0', '14.0.0' ],
21 silly audit   'eslint-import-resolver-node': [ '0.3.9' ],
21 silly audit   'eslint-import-resolver-typescript': [ '3.10.1' ],
21 silly audit   'eslint-module-utils': [ '2.12.1' ],
21 silly audit   'eslint-plugin-import': [ '2.32.0' ],
21 silly audit   'eslint-plugin-jsx-a11y': [ '6.10.2' ],
21 silly audit   'eslint-plugin-react': [ '7.37.5' ],
21 silly audit   'eslint-plugin-react-hooks': [ '7.0.1' ],
21 silly audit   resolve: [ '2.0.0-next.5', '1.22.11' ],
21 silly audit   'eslint-scope': [ '8.4.0' ],
21 silly audit   espree: [ '10.4.0' ],
21 silly audit   esquery: [ '1.6.0' ],
21 silly audit   esrecurse: [ '4.3.0' ],
21 silly audit   estraverse: [ '5.3.0' ],
21 silly audit   esutils: [ '2.0.3' ],
21 silly audit   'fast-deep-equal': [ '3.1.3' ],
21 silly audit   'fast-glob': [ '3.3.1' ],
21 silly audit   'glob-parent': [ '5.1.2', '6.0.2' ],
21 silly audit   'fast-json-stable-stringify': [ '2.1.0' ],
21 silly audit   'fast-levenshtein': [ '2.0.6' ],
21 silly audit   fastq: [ '1.19.1' ],
21 silly audit   'file-entry-cache': [ '8.0.0' ],
21 silly audit   'fill-range': [ '7.1.1' ],
21 silly audit   'find-up': [ '5.0.0' ],
21 silly audit   'flat-cache': [ '4.0.1' ],
21 silly audit   flatted: [ '3.3.3' ],
21 silly audit   'for-each': [ '0.3.5' ],
21 silly audit   fsevents: [ '2.3.3' ],
21 silly audit   'function-bind': [ '1.1.2' ],
21 silly audit   'function.prototype.name': [ '1.1.8' ],
21 silly audit   'functions-have-names': [ '1.2.3' ],
21 silly audit   'generator-function': [ '2.0.1' ],
21 silly audit   gensync: [ '1.0.0-beta.2' ],
21 silly audit   'get-intrinsic': [ '1.3.0' ],
21 silly audit   'get-proto': [ '1.0.1' ],
21 silly audit   'get-symbol-description': [ '1.1.0' ],
21 silly audit   'get-tsconfig': [ '4.13.0' ],
21 silly audit   globalthis: [ '1.0.4' ],
21 silly audit   gopd: [ '1.2.0' ],
21 silly audit   gsap: [ '3.14.2' ],
21 silly audit   'has-bigints': [ '1.1.0' ],
21 silly audit   'has-flag': [ '4.0.0' ],
21 silly audit   'has-property-descriptors': [ '1.0.2' ],
21 silly audit   'has-proto': [ '1.2.0' ],
21 silly audit   'has-symbols': [ '1.1.0' ],
21 silly audit   'has-tostringtag': [ '1.0.2' ],
21 silly audit   hasown: [ '2.0.2' ],
21 silly audit   'hermes-estree': [ '0.25.1' ],
21 silly audit   'hermes-parser': [ '0.25.1' ],
21 silly audit   'import-fresh': [ '3.3.1' ],
21 silly audit   imurmurhash: [ '0.1.4' ],
21 silly audit   'internal-slot': [ '1.1.0' ],
21 silly audit   'is-array-buffer': [ '3.0.5' ],
21 silly audit   'is-async-function': [ '2.1.1' ],
21 silly audit   'is-bigint': [ '1.1.0' ],
21 silly audit   'is-boolean-object': [ '1.2.2' ],
21 silly audit   'is-bun-module': [ '2.0.0' ],
21 silly audit   'is-callable': [ '1.2.7' ],
21 silly audit   'is-core-module': [ '2.16.1' ],
21 silly audit   'is-data-view': [ '1.0.2' ],
21 silly audit   'is-date-object': [ '1.1.0' ],
21 silly audit   'is-extglob': [ '2.1.1' ],
21 silly audit   'is-finalizationregistry': [ '1.1.1' ],
21 silly audit   'is-generator-function': [ '1.1.2' ],
21 silly audit   'is-glob': [ '4.0.3' ],
21 silly audit   'is-map': [ '2.0.3' ],
21 silly audit   'is-negative-zero': [ '2.0.3' ],
21 silly audit   'is-number': [ '7.0.0' ],
21 silly audit   'is-number-object': [ '1.1.1' ],
21 silly audit   'is-regex': [ '1.2.1' ],
21 silly audit   'is-set': [ '2.0.3' ],
21 silly audit   'is-shared-array-buffer': [ '1.0.4' ],
21 silly audit   'is-string': [ '1.1.1' ],
21 silly audit   'is-symbol': [ '1.1.1' ],
21 silly audit   'is-typed-array': [ '1.1.15' ],
21 silly audit   'is-weakmap': [ '2.0.2' ],
21 silly audit   'is-weakref': [ '1.1.1' ],
21 silly audit   'is-weakset': [ '2.0.4' ],
21 silly audit   isarray: [ '2.0.5' ],
21 silly audit   isexe: [ '2.0.0' ],
21 silly audit   'iterator.prototype': [ '1.1.5' ],
21 silly audit   'js-tokens': [ '4.0.0' ],
21 silly audit   'js-yaml': [ '4.1.1' ],
21 silly audit   jsesc: [ '3.1.0' ],
21 silly audit   'json-buffer': [ '3.0.1' ],
21 silly audit   'json-schema-traverse': [ '0.4.1' ],
21 silly audit   'json-stable-stringify-without-jsonify': [ '1.0.1' ],
21 silly audit   'jsx-ast-utils': [ '3.3.5' ],
21 silly audit   keyv: [ '4.5.4' ],
21 silly audit   'language-subtag-registry': [ '0.3.23' ],
21 silly audit   'language-tags': [ '1.0.9' ],
21 silly audit   levn: [ '0.4.1' ],
21 silly audit   'locate-path': [ '6.0.0' ],
21 silly audit   'lodash.merge': [ '4.6.2' ],
21 silly audit   'loose-envify': [ '1.4.0' ],
21 silly audit   'lru-cache': [ '5.1.1' ],
21 silly audit   'math-intrinsics': [ '1.1.0' ],
21 silly audit   merge2: [ '1.4.1' ],
21 silly audit   micromatch: [ '4.0.8' ],
21 silly audit   minimist: [ '1.2.8' ],
21 silly audit   ms: [ '2.1.3' ],
21 silly audit   nanoid: [ '3.3.11' ],
21 silly audit   'napi-postinstall': [ '0.3.4' ],
21 silly audit   'natural-compare': [ '1.4.0' ],
21 silly audit   next: [ '16.0.10' ],
21 silly audit   'node-releases': [ '2.0.27' ],
21 silly audit   'object-assign': [ '4.1.1' ],
21 silly audit   'object-inspect': [ '1.13.4' ],
21 silly audit   'object-keys': [ '1.1.1' ],
21 silly audit   'object.assign': [ '4.1.7' ],
21 silly audit   'object.entries': [ '1.1.9' ],
21 silly audit   'object.fromentries': [ '2.0.8' ],
21 silly audit   'object.groupby': [ '1.0.3' ],
21 silly audit   'object.values': [ '1.2.1' ],
21 silly audit   optionator: [ '0.9.4' ],
21 silly audit   'own-keys': [ '1.0.1' ],
21 silly audit   'p-limit': [ '3.1.0' ],
21 silly audit   'p-locate': [ '5.0.0' ],
21 silly audit   'parent-module': [ '1.0.1' ],
21 silly audit   'path-exists': [ '4.0.0' ],
21 silly audit   'path-key': [ '3.1.1' ],
21 silly audit   'path-parse': [ '1.0.7' ],
21 silly audit   picocolors: [ '1.1.1' ],
21 silly audit   picomatch: [ '2.3.1', '4.0.3' ],
21 silly audit   'possible-typed-array-names': [ '1.1.0' ],
21 silly audit   postcss: [ '8.4.31' ],
21 silly audit   'prelude-ls': [ '1.2.1' ],
21 silly audit   'prop-types': [ '15.8.1' ],
21 silly audit   punycode: [ '2.3.1' ],
21 silly audit   'queue-microtask': [ '1.2.3' ],
21 silly audit   react: [ '19.2.3' ],
21 silly audit   'react-dom': [ '19.2.3' ],
21 silly audit   'react-icons': [ '5.5.0' ],
21 silly audit   'react-is': [ '16.13.1' ],
21 silly audit   'reflect.getprototypeof': [ '1.0.10' ],
21 silly audit   'regexp.prototype.flags': [ '1.5.4' ],
21 silly audit   'resolve-from': [ '4.0.0' ],
21 silly audit   'resolve-pkg-maps': [ '1.0.0' ],
21 silly audit   reusify: [ '1.1.0' ],
21 silly audit   'run-parallel': [ '1.2.0' ],
21 silly audit   'safe-array-concat': [ '1.1.3' ],
21 silly audit   'safe-push-apply': [ '1.0.0' ],
21 silly audit   'safe-regex-test': [ '1.1.0' ],
21 silly audit   scheduler: [ '0.27.0' ],
21 silly audit   'set-function-length': [ '1.2.2' ],
21 silly audit   'set-function-name': [ '2.0.2' ],
21 silly audit   'set-proto': [ '1.0.0' ],
21 silly audit   sharp: [ '0.34.5' ],
21 silly audit   'shebang-command': [ '2.0.0' ],
21 silly audit   'shebang-regex': [ '3.0.0' ],
21 silly audit   'side-channel': [ '1.1.0' ],
21 silly audit   'side-channel-list': [ '1.0.0' ],
21 silly audit   'side-channel-map': [ '1.0.1' ],
21 silly audit   'side-channel-weakmap': [ '1.0.2' ],
21 silly audit   'simple-icons': [ '15.22.0' ],
21 silly audit   'source-map-js': [ '1.2.1' ],
21 silly audit   'stable-hash': [ '0.0.5' ],
21 silly audit   'stop-iteration-iterator': [ '1.1.0' ],
21 silly audit   'string.prototype.includes': [ '2.0.1' ],
21 silly audit   'string.prototype.matchall': [ '4.0.12' ],
21 silly audit   'string.prototype.repeat': [ '1.0.0' ],
21 silly audit   'string.prototype.trim': [ '1.2.10' ],
21 silly audit   'string.prototype.trimend': [ '1.0.9' ],
21 silly audit   'string.prototype.trimstart': [ '1.0.8' ],
21 silly audit   'strip-bom': [ '3.0.0' ],
21 silly audit   'strip-json-comments': [ '3.1.1' ],
21 silly audit   'styled-jsx': [ '5.1.6' ],
21 silly audit   'supports-color': [ '7.2.0' ],
21 silly audit   'supports-preserve-symlinks-flag': [ '1.0.0' ],
21 silly audit   tinyglobby: [ '0.2.15' ],
21 silly audit   fdir: [ '6.5.0' ],
21 silly audit   'to-regex-range': [ '5.0.1' ],
21 silly audit   'ts-api-utils': [ '2.1.0' ],
21 silly audit   'tsconfig-paths': [ '3.15.0' ],
21 silly audit   tslib: [ '2.8.1' ],
21 silly audit   tsx: [ '4.21.0' ],
21 silly audit   'type-check': [ '0.4.0' ],
21 silly audit   'typed-array-buffer': [ '1.0.3' ],
21 silly audit   'typed-array-byte-length': [ '1.0.3' ],
21 silly audit   'typed-array-byte-offset': [ '1.0.4' ],
21 silly audit   'typed-array-length': [ '1.0.7' ],
21 silly audit   typescript: [ '5.9.3' ],
21 silly audit   'typescript-eslint': [ '8.49.0' ],
21 silly audit   'unbox-primitive': [ '1.1.0' ],
21 silly audit   'undici-types': [ '6.21.0' ],
21 silly audit   'unrs-resolver': [ '1.11.1' ],
21 silly audit   'update-browserslist-db': [ '1.2.2' ],
21 silly audit   'uri-js': [ '4.4.1' ],
21 silly audit   which: [ '2.0.2' ],
21 silly audit   'which-boxed-primitive': [ '1.1.1' ],
21 silly audit   'which-builtin-type': [ '1.2.1' ],
21 silly audit   'which-collection': [ '1.0.2' ],
21 silly audit   'which-typed-array': [ '1.1.19' ],
21 silly audit   'word-wrap': [ '1.2.5' ],
21 silly audit   yallist: [ '3.1.1' ],
21 silly audit   'yocto-queue': [ '0.1.0' ],
21 silly audit   zod: [ '4.1.13' ],
21 silly audit   'zod-validation-error': [ '4.0.2' ]
21 silly audit }
22 verbose reify failed optional dependency /home/mike__2099/Documents/GitHub/e-Portfolio-2025/portfolio2/node_modules/fsevents
23 silly reify mark deleted [
23 silly reify   '/home/mike__2099/Documents/GitHub/e-Portfolio-2025/portfolio2/node_modules/fsevents'
23 silly reify ]
24 verbose reify failed optional dependency /home/mike__2099/Documents/GitHub/e-Portfolio-2025/portfolio2/node_modules/@unrs/resolver-binding-win32-x64-msvc
25 silly reify mark deleted [
25 silly reify   '/home/mike__2099/Documents/GitHub/e-Portfolio-2025/portfolio2/node_modules/@unrs/resolver-binding-win32-x64-msvc'
25 silly reify ]
26 verbose reify failed optional dependency /home/mike__2099/Documents/GitHub/e-Portfolio-2025/portfolio2/node_modules/@unrs/resolver-binding-win32-ia32-msvc
27 silly reify mark deleted [
27 silly reify   '/home/mike__2099/Documents/GitHub/e-Portfolio-2025/portfolio2/node_modules/@unrs/resolver-binding-win32-ia32-msvc'
27 silly reify ]
28 verbose reify failed optional dependency /home/mike__2099/Documents/GitHub/e-Portfolio-2025/portfolio2/node_modules/@unrs/resolver-binding-win32-arm64-msvc
29 silly reify mark deleted [
29 silly reify   '/home/mike__2099/Documents/GitHub/e-Portfolio-2025/portfolio2/node_modules/@unrs/resolver-binding-win32-arm64-msvc'
29 silly reify ]
30 verbose reify failed optional dependency /home/mike__2099/Documents/GitHub/e-Portfolio-2025/portfolio2/node_modules/@unrs/resolver-binding-wasm32-wasi
31 silly reify mark deleted [
31 silly reify   '/home/mike__2099/Documents/GitHub/e-Portfolio-2025/portfolio2/node_modules/@unrs/resolver-binding-wasm32-wasi'
31 silly reify ]
32 verbose reify failed optional dependency /home/mike__2099/Documents/GitHub/e-Portfolio-2025/portfolio2/node_modules/@napi-rs/wasm-runtime
33 silly reify mark deleted [
33 silly reify   '/home/mike__2099/Documents/GitHub/e-Portfolio-2025/portfolio2/node_modules/@napi-rs/wasm-runtime'
33 silly reify ]
34 verbose reify failed optional dependency /home/mike__2099/Documents/GitHub/e-Portfolio-2025/portfolio2/node_modules/@emnapi/core
35 silly reify mark deleted [
35 silly reify   '/home/mike__2099/Documents/GitHub/e-Portfolio-2025/portfolio2/node_modules/@emnapi/core'
35 silly reify ]
36 verbose reify failed optional dependency /home/mike__2099/Documents/GitHub/e-Portfolio-2025/portfolio2/node_modules/@tybys/wasm-util
37 silly reify mark deleted [
37 silly reify   '/home/mike__2099/Documents/GitHub/e-Portfolio-2025/portfolio2/node_modules/@tybys/wasm-util'
37 silly reify ]
38 verbose reify failed optional dependency /home/mike__2099/Documents/GitHub/e-Portfolio-2025/portfolio2/node_modules/@emnapi/wasi-threads
39 silly reify mark deleted [
39 silly reify   '/home/mike__2099/Documents/GitHub/e-Portfolio-2025/portfolio2/node_modules/@emnapi/wasi-threads'
39 silly reify ]
40 verbose reify failed optional dependency /home/mike__2099/Documents/GitHub/e-Portfolio-2025/portfolio2/node_modules/@unrs/resolver-binding-linux-s390x-gnu
41 silly reify mark deleted [
41 silly reify   '/home/mike__2099/Documents/GitHub/e-Portfolio-2025/portfolio2/node_modules/@unrs/resolver-binding-linux-s390x-gnu'
41 silly reify ]
42 verbose reify failed optional dependency /home/mike__2099/Documents/GitHub/e-Portfolio-2025/portfolio2/node_modules/@unrs/resolver-binding-linux-riscv64-musl
43 silly reify mark deleted [
43 silly reify   '/home/mike__2099/Documents/GitHub/e-Portfolio-2025/portfolio2/node_modules/@unrs/resolver-binding-linux-riscv64-musl'
43 silly reify ]
44 verbose reify failed optional dependency /home/mike__2099/Documents/GitHub/e-Portfolio-2025/portfolio2/node_modules/@unrs/resolver-binding-linux-riscv64-gnu
45 silly reify mark deleted [
45 silly reify   '/home/mike__2099/Documents/GitHub/e-Portfolio-2025/portfolio2/node_modules/@unrs/resolver-binding-linux-riscv64-gnu'
45 silly reify ]
46 verbose reify failed optional dependency /home/mike__2099/Documents/GitHub/e-Portfolio-2025/portfolio2/node_modules/@unrs/resolver-binding-linux-ppc64-gnu
47 silly reify mark deleted [
47 silly reify   '/home/mike__2099/Documents/GitHub/e-Portfolio-2025/portfolio2/node_modules/@unrs/resolver-binding-linux-ppc64-gnu'
47 silly reify ]
48 verbose reify failed optional dependency /home/mike__2099/Documents/GitHub/e-Portfolio-2025/portfolio2/node_modules/@unrs/resolver-binding-linux-arm64-musl
49 silly reify mark deleted [
49 silly reify   '/home/mike__2099/Documents/GitHub/e-Portfolio-2025/portfolio2/node_modules/@unrs/resolver-binding-linux-arm64-musl'
49 silly reify ]
50 verbose reify failed optional dependency /home/mike__2099/Documents/GitHub/e-Portfolio-2025/portfolio2/node_modules/@unrs/resolver-binding-linux-arm64-gnu
51 silly reify mark deleted [
51 silly reify   '/home/mike__2099/Documents/GitHub/e-Portfolio-2025/portfolio2/node_modules/@unrs/resolver-binding-linux-arm64-gnu'
51 silly reify ]
52 verbose reify failed optional dependency /home/mike__2099/Documents/GitHub/e-Portfolio-2025/portfolio2/node_modules/@unrs/resolver-binding-linux-arm-musleabihf
53 silly reify mark deleted [
53 silly reify   '/home/mike__2099/Documents/GitHub/e-Portfolio-2025/portfolio2/node_modules/@unrs/resolver-binding-linux-arm-musleabihf'
53 silly reify ]
54 verbose reify failed optional dependency /home/mike__2099/Documents/GitHub/e-Portfolio-2025/portfolio2/node_modules/@unrs/resolver-binding-linux-arm-gnueabihf
55 silly reify mark deleted [
55 silly reify   '/home/mike__2099/Documents/GitHub/e-Portfolio-2025/portfolio2/node_modules/@unrs/resolver-binding-linux-arm-gnueabihf'
55 silly reify ]
56 verbose reify failed optional dependency /home/mike__2099/Documents/GitHub/e-Portfolio-2025/portfolio2/node_modules/@unrs/resolver-binding-freebsd-x64
57 silly reify mark deleted [
57 silly reify   '/home/mike__2099/Documents/GitHub/e-Portfolio-2025/portfolio2/node_modules/@unrs/resolver-binding-freebsd-x64'
57 silly reify ]
58 verbose reify failed optional dependency /home/mike__2099/Documents/GitHub/e-Portfolio-2025/portfolio2/node_modules/@unrs/resolver-binding-darwin-x64
59 silly reify mark deleted [
59 silly reify   '/home/mike__2099/Documents/GitHub/e-Portfolio-2025/portfolio2/node_modules/@unrs/resolver-binding-darwin-x64'
59 silly reify ]
60 verbose reify failed optional dependency /home/mike__2099/Documents/GitHub/e-Portfolio-2025/portfolio2/node_modules/@unrs/resolver-binding-darwin-arm64
61 silly reify mark deleted [
61 silly reify   '/home/mike__2099/Documents/GitHub/e-Portfolio-2025/portfolio2/node_modules/@unrs/resolver-binding-darwin-arm64'
61 silly reify ]
62 verbose reify failed optional dependency /home/mike__2099/Documents/GitHub/e-Portfolio-2025/portfolio2/node_modules/@unrs/resolver-binding-android-arm64
63 silly reify mark deleted [
63 silly reify   '/home/mike__2099/Documents/GitHub/e-Portfolio-2025/portfolio2/node_modules/@unrs/resolver-binding-android-arm64'
63 silly reify ]
64 verbose reify failed optional dependency /home/mike__2099/Documents/GitHub/e-Portfolio-2025/portfolio2/node_modules/@unrs/resolver-binding-android-arm-eabi
65 silly reify mark deleted [
65 silly reify   '/home/mike__2099/Documents/GitHub/e-Portfolio-2025/portfolio2/node_modules/@unrs/resolver-binding-android-arm-eabi'
65 silly reify ]
66 verbose reify failed optional dependency /home/mike__2099/Documents/GitHub/e-Portfolio-2025/portfolio2/node_modules/@next/swc-win32-x64-msvc
67 silly reify mark deleted [
67 silly reify   '/home/mike__2099/Documents/GitHub/e-Portfolio-2025/portfolio2/node_modules/@next/swc-win32-x64-msvc'
67 silly reify ]
68 verbose reify failed optional dependency /home/mike__2099/Documents/GitHub/e-Portfolio-2025/portfolio2/node_modules/@next/swc-win32-arm64-msvc
69 silly reify mark deleted [
69 silly reify   '/home/mike__2099/Documents/GitHub/e-Portfolio-2025/portfolio2/node_modules/@next/swc-win32-arm64-msvc'
69 silly reify ]
70 verbose reify failed optional dependency /home/mike__2099/Documents/GitHub/e-Portfolio-2025/portfolio2/node_modules/@next/swc-linux-arm64-musl
71 silly reify mark deleted [
71 silly reify   '/home/mike__2099/Documents/GitHub/e-Portfolio-2025/portfolio2/node_modules/@next/swc-linux-arm64-musl'
71 silly reify ]
72 verbose reify failed optional dependency /home/mike__2099/Documents/GitHub/e-Portfolio-2025/portfolio2/node_modules/@next/swc-linux-arm64-gnu
73 silly reify mark deleted [
73 silly reify   '/home/mike__2099/Documents/GitHub/e-Portfolio-2025/portfolio2/node_modules/@next/swc-linux-arm64-gnu'
73 silly reify ]
74 verbose reify failed optional dependency /home/mike__2099/Documents/GitHub/e-Portfolio-2025/portfolio2/node_modules/@next/swc-darwin-x64
75 silly reify mark deleted [
75 silly reify   '/home/mike__2099/Documents/GitHub/e-Portfolio-2025/portfolio2/node_modules/@next/swc-darwin-x64'
75 silly reify ]
76 verbose reify failed optional dependency /home/mike__2099/Documents/GitHub/e-Portfolio-2025/portfolio2/node_modules/@next/swc-darwin-arm64
77 silly reify mark deleted [
77 silly reify   '/home/mike__2099/Documents/GitHub/e-Portfolio-2025/portfolio2/node_modules/@next/swc-darwin-arm64'
77 silly reify ]
78 verbose reify failed optional dependency /home/mike__2099/Documents/GitHub/e-Portfolio-2025/portfolio2/node_modules/@img/sharp-win32-x64
79 silly reify mark deleted [
79 silly reify   '/home/mike__2099/Documents/GitHub/e-Portfolio-2025/portfolio2/node_modules/@img/sharp-win32-x64'
79 silly reify ]
80 verbose reify failed optional dependency /home/mike__2099/Documents/GitHub/e-Portfolio-2025/portfolio2/node_modules/@img/sharp-win32-ia32
81 silly reify mark deleted [
81 silly reify   '/home/mike__2099/Documents/GitHub/e-Portfolio-2025/portfolio2/node_modules/@img/sharp-win32-ia32'
81 silly reify ]
82 verbose reify failed optional dependency /home/mike__2099/Documents/GitHub/e-Portfolio-2025/portfolio2/node_modules/@img/sharp-win32-arm64
83 silly reify mark deleted [
83 silly reify   '/home/mike__2099/Documents/GitHub/e-Portfolio-2025/portfolio2/node_modules/@img/sharp-win32-arm64'
83 silly reify ]
84 verbose reify failed optional dependency /home/mike__2099/Documents/GitHub/e-Portfolio-2025/portfolio2/node_modules/@img/sharp-wasm32
85 silly reify mark deleted [
85 silly reify   '/home/mike__2099/Documents/GitHub/e-Portfolio-2025/portfolio2/node_modules/@img/sharp-wasm32'
85 silly reify ]
86 verbose reify failed optional dependency /home/mike__2099/Documents/GitHub/e-Portfolio-2025/portfolio2/node_modules/@img/sharp-linuxmusl-arm64
87 silly reify mark deleted [
87 silly reify   '/home/mike__2099/Documents/GitHub/e-Portfolio-2025/portfolio2/node_modules/@img/sharp-linuxmusl-arm64'
87 silly reify ]
88 verbose reify failed optional dependency /home/mike__2099/Documents/GitHub/e-Portfolio-2025/portfolio2/node_modules/@img/sharp-linux-s390x
89 silly reify mark deleted [
89 silly reify   '/home/mike__2099/Documents/GitHub/e-Portfolio-2025/portfolio2/node_modules/@img/sharp-linux-s390x'
89 silly reify ]
90 verbose reify failed optional dependency /home/mike__2099/Documents/GitHub/e-Portfolio-2025/portfolio2/node_modules/@img/sharp-linux-riscv64
91 silly reify mark deleted [
91 silly reify   '/home/mike__2099/Documents/GitHub/e-Portfolio-2025/portfolio2/node_modules/@img/sharp-linux-riscv64'
91 silly reify ]
92 verbose reify failed optional dependency /home/mike__2099/Documents/GitHub/e-Portfolio-2025/portfolio2/node_modules/@img/sharp-linux-ppc64
93 silly reify mark deleted [
93 silly reify   '/home/mike__2099/Documents/GitHub/e-Portfolio-2025/portfolio2/node_modules/@img/sharp-linux-ppc64'
93 silly reify ]
94 verbose reify failed optional dependency /home/mike__2099/Documents/GitHub/e-Portfolio-2025/portfolio2/node_modules/@img/sharp-linux-arm64
95 silly reify mark deleted [
95 silly reify   '/home/mike__2099/Documents/GitHub/e-Portfolio-2025/portfolio2/node_modules/@img/sharp-linux-arm64'
95 silly reify ]
96 verbose reify failed optional dependency /home/mike__2099/Documents/GitHub/e-Portfolio-2025/portfolio2/node_modules/@img/sharp-linux-arm
97 silly reify mark deleted [
97 silly reify   '/home/mike__2099/Documents/GitHub/e-Portfolio-2025/portfolio2/node_modules/@img/sharp-linux-arm'
97 silly reify ]
98 verbose reify failed optional dependency /home/mike__2099/Documents/GitHub/e-Portfolio-2025/portfolio2/node_modules/@img/sharp-libvips-linuxmusl-arm64
99 silly reify mark deleted [
99 silly reify   '/home/mike__2099/Documents/GitHub/e-Portfolio-2025/portfolio2/node_modules/@img/sharp-libvips-linuxmusl-arm64'
99 silly reify ]
100 verbose reify failed optional dependency /home/mike__2099/Documents/GitHub/e-Portfolio-2025/portfolio2/node_modules/@img/sharp-libvips-linux-s390x
101 silly reify mark deleted [
101 silly reify   '/home/mike__2099/Documents/GitHub/e-Portfolio-2025/portfolio2/node_modules/@img/sharp-libvips-linux-s390x'
101 silly reify ]
102 verbose reify failed optional dependency /home/mike__2099/Documents/GitHub/e-Portfolio-2025/portfolio2/node_modules/@img/sharp-libvips-linux-riscv64
103 silly reify mark deleted [
103 silly reify   '/home/mike__2099/Documents/GitHub/e-Portfolio-2025/portfolio2/node_modules/@img/sharp-libvips-linux-riscv64'
103 silly reify ]
104 verbose reify failed optional dependency /home/mike__2099/Documents/GitHub/e-Portfolio-2025/portfolio2/node_modules/@img/sharp-libvips-linux-ppc64
105 silly reify mark deleted [
105 silly reify   '/home/mike__2099/Documents/GitHub/e-Portfolio-2025/portfolio2/node_modules/@img/sharp-libvips-linux-ppc64'
105 silly reify ]
106 verbose reify failed optional dependency /home/mike__2099/Documents/GitHub/e-Portfolio-2025/portfolio2/node_modules/@img/sharp-libvips-linux-arm64
107 silly reify mark deleted [
107 silly reify   '/home/mike__2099/Documents/GitHub/e-Portfolio-2025/portfolio2/node_modules/@img/sharp-libvips-linux-arm64'
107 silly reify ]
108 verbose reify failed optional dependency /home/mike__2099/Documents/GitHub/e-Portfolio-2025/portfolio2/node_modules/@img/sharp-libvips-linux-arm
109 silly reify mark deleted [
109 silly reify   '/home/mike__2099/Documents/GitHub/e-Portfolio-2025/portfolio2/node_modules/@img/sharp-libvips-linux-arm'
109 silly reify ]
110 verbose reify failed optional dependency /home/mike__2099/Documents/GitHub/e-Portfolio-2025/portfolio2/node_modules/@img/sharp-libvips-darwin-x64
111 silly reify mark deleted [
111 silly reify   '/home/mike__2099/Documents/GitHub/e-Portfolio-2025/portfolio2/node_modules/@img/sharp-libvips-darwin-x64'
111 silly reify ]
112 verbose reify failed optional dependency /home/mike__2099/Documents/GitHub/e-Portfolio-2025/portfolio2/node_modules/@img/sharp-libvips-darwin-arm64
113 silly reify mark deleted [
113 silly reify   '/home/mike__2099/Documents/GitHub/e-Portfolio-2025/portfolio2/node_modules/@img/sharp-libvips-darwin-arm64'
113 silly reify ]
114 verbose reify failed optional dependency /home/mike__2099/Documents/GitHub/e-Portfolio-2025/portfolio2/node_modules/@img/sharp-darwin-x64
115 silly reify mark deleted [
115 silly reify   '/home/mike__2099/Documents/GitHub/e-Portfolio-2025/portfolio2/node_modules/@img/sharp-darwin-x64'
115 silly reify ]
116 verbose reify failed optional dependency /home/mike__2099/Documents/GitHub/e-Portfolio-2025/portfolio2/node_modules/@img/sharp-darwin-arm64
117 silly reify mark deleted [
117 silly reify   '/home/mike__2099/Documents/GitHub/e-Portfolio-2025/portfolio2/node_modules/@img/sharp-darwin-arm64'
117 silly reify ]
118 verbose reify failed optional dependency /home/mike__2099/Documents/GitHub/e-Portfolio-2025/portfolio2/node_modules/@esbuild/win32-x64
119 silly reify mark deleted [
119 silly reify   '/home/mike__2099/Documents/GitHub/e-Portfolio-2025/portfolio2/node_modules/@esbuild/win32-x64'
119 silly reify ]
120 verbose reify failed optional dependency /home/mike__2099/Documents/GitHub/e-Portfolio-2025/portfolio2/node_modules/@esbuild/win32-ia32
121 silly reify mark deleted [
121 silly reify   '/home/mike__2099/Documents/GitHub/e-Portfolio-2025/portfolio2/node_modules/@esbuild/win32-ia32'
121 silly reify ]
122 verbose reify failed optional dependency /home/mike__2099/Documents/GitHub/e-Portfolio-2025/portfolio2/node_modules/@esbuild/win32-arm64
123 silly reify mark deleted [
123 silly reify   '/home/mike__2099/Documents/GitHub/e-Portfolio-2025/portfolio2/node_modules/@esbuild/win32-arm64'
123 silly reify ]
124 verbose reify failed optional dependency /home/mike__2099/Documents/GitHub/e-Portfolio-2025/portfolio2/node_modules/@esbuild/sunos-x64
125 silly reify mark deleted [
125 silly reify   '/home/mike__2099/Documents/GitHub/e-Portfolio-2025/portfolio2/node_modules/@esbuild/sunos-x64'
125 silly reify ]
126 verbose reify failed optional dependency /home/mike__2099/Documents/GitHub/e-Portfolio-2025/portfolio2/node_modules/@esbuild/openharmony-arm64
127 silly reify mark deleted [
127 silly reify   '/home/mike__2099/Documents/GitHub/e-Portfolio-2025/portfolio2/node_modules/@esbuild/openharmony-arm64'
127 silly reify ]
128 verbose reify failed optional dependency /home/mike__2099/Documents/GitHub/e-Portfolio-2025/portfolio2/node_modules/@esbuild/openbsd-x64
129 silly reify mark deleted [
129 silly reify   '/home/mike__2099/Documents/GitHub/e-Portfolio-2025/portfolio2/node_modules/@esbuild/openbsd-x64'
129 silly reify ]
130 verbose reify failed optional dependency /home/mike__2099/Documents/GitHub/e-Portfolio-2025/portfolio2/node_modules/@esbuild/openbsd-arm64
131 silly reify mark deleted [
131 silly reify   '/home/mike__2099/Documents/GitHub/e-Portfolio-2025/portfolio2/node_modules/@esbuild/openbsd-arm64'
131 silly reify ]
132 verbose reify failed optional dependency /home/mike__2099/Documents/GitHub/e-Portfolio-2025/portfolio2/node_modules/@esbuild/netbsd-x64
133 silly reify mark deleted [
133 silly reify   '/home/mike__2099/Documents/GitHub/e-Portfolio-2025/portfolio2/node_modules/@esbuild/netbsd-x64'
133 silly reify ]
134 verbose reify failed optional dependency /home/mike__2099/Documents/GitHub/e-Portfolio-2025/portfolio2/node_modules/@esbuild/netbsd-arm64
135 silly reify mark deleted [
135 silly reify   '/home/mike__2099/Documents/GitHub/e-Portfolio-2025/portfolio2/node_modules/@esbuild/netbsd-arm64'
135 silly reify ]
136 verbose reify failed optional dependency /home/mike__2099/Documents/GitHub/e-Portfolio-2025/portfolio2/node_modules/@esbuild/linux-s390x
137 silly reify mark deleted [
137 silly reify   '/home/mike__2099/Documents/GitHub/e-Portfolio-2025/portfolio2/node_modules/@esbuild/linux-s390x'
137 silly reify ]
138 verbose reify failed optional dependency /home/mike__2099/Documents/GitHub/e-Portfolio-2025/portfolio2/node_modules/@esbuild/linux-riscv64
139 silly reify mark deleted [
139 silly reify   '/home/mike__2099/Documents/GitHub/e-Portfolio-2025/portfolio2/node_modules/@esbuild/linux-riscv64'
139 silly reify ]
140 verbose reify failed optional dependency /home/mike__2099/Documents/GitHub/e-Portfolio-2025/portfolio2/node_modules/@esbuild/linux-ppc64
141 silly reify mark deleted [
141 silly reify   '/home/mike__2099/Documents/GitHub/e-Portfolio-2025/portfolio2/node_modules/@esbuild/linux-ppc64'
141 silly reify ]
142 verbose reify failed optional dependency /home/mike__2099/Documents/GitHub/e-Portfolio-2025/portfolio2/node_modules/@esbuild/linux-mips64el
143 silly reify mark deleted [
143 silly reify   '/home/mike__2099/Documents/GitHub/e-Portfolio-2025/portfolio2/node_modules/@esbuild/linux-mips64el'
143 silly reify ]
144 verbose reify failed optional dependency /home/mike__2099/Documents/GitHub/e-Portfolio-2025/portfolio2/node_modules/@esbuild/linux-loong64
145 silly reify mark deleted [
145 silly reify   '/home/mike__2099/Documents/GitHub/e-Portfolio-2025/portfolio2/node_modules/@esbuild/linux-loong64'
145 silly reify ]
146 verbose reify failed optional dependency /home/mike__2099/Documents/GitHub/e-Portfolio-2025/portfolio2/node_modules/@esbuild/linux-ia32
147 silly reify mark deleted [
147 silly reify   '/home/mike__2099/Documents/GitHub/e-Portfolio-2025/portfolio2/node_modules/@esbuild/linux-ia32'
147 silly reify ]
148 verbose reify failed optional dependency /home/mike__2099/Documents/GitHub/e-Portfolio-2025/portfolio2/node_modules/@esbuild/linux-arm64
149 silly reify mark deleted [
149 silly reify   '/home/mike__2099/Documents/GitHub/e-Portfolio-2025/portfolio2/node_modules/@esbuild/linux-arm64'
149 silly reify ]
150 verbose reify failed optional dependency /home/mike__2099/Documents/GitHub/e-Portfolio-2025/portfolio2/node_modules/@esbuild/linux-arm
151 silly reify mark deleted [
151 silly reify   '/home/mike__2099/Documents/GitHub/e-Portfolio-2025/portfolio2/node_modules/@esbuild/linux-arm'
151 silly reify ]
152 verbose reify failed optional dependency /home/mike__2099/Documents/GitHub/e-Portfolio-2025/portfolio2/node_modules/@esbuild/freebsd-x64
153 silly reify mark deleted [
153 silly reify   '/home/mike__2099/Documents/GitHub/e-Portfolio-2025/portfolio2/node_modules/@esbuild/freebsd-x64'
153 silly reify ]
154 verbose reify failed optional dependency /home/mike__2099/Documents/GitHub/e-Portfolio-2025/portfolio2/node_modules/@esbuild/freebsd-arm64
155 silly reify mark deleted [
155 silly reify   '/home/mike__2099/Documents/GitHub/e-Portfolio-2025/portfolio2/node_modules/@esbuild/freebsd-arm64'
155 silly reify ]
156 verbose reify failed optional dependency /home/mike__2099/Documents/GitHub/e-Portfolio-2025/portfolio2/node_modules/@esbuild/darwin-x64
157 silly reify mark deleted [
157 silly reify   '/home/mike__2099/Documents/GitHub/e-Portfolio-2025/portfolio2/node_modules/@esbuild/darwin-x64'
157 silly reify ]
158 verbose reify failed optional dependency /home/mike__2099/Documents/GitHub/e-Portfolio-2025/portfolio2/node_modules/@esbuild/darwin-arm64
159 silly reify mark deleted [
159 silly reify   '/home/mike__2099/Documents/GitHub/e-Portfolio-2025/portfolio2/node_modules/@esbuild/darwin-arm64'
159 silly reify ]
160 verbose reify failed optional dependency /home/mike__2099/Documents/GitHub/e-Portfolio-2025/portfolio2/node_modules/@esbuild/android-x64
161 silly reify mark deleted [
161 silly reify   '/home/mike__2099/Documents/GitHub/e-Portfolio-2025/portfolio2/node_modules/@esbuild/android-x64'
161 silly reify ]
162 verbose reify failed optional dependency /home/mike__2099/Documents/GitHub/e-Portfolio-2025/portfolio2/node_modules/@esbuild/android-arm64
163 silly reify mark deleted [
163 silly reify   '/home/mike__2099/Documents/GitHub/e-Portfolio-2025/portfolio2/node_modules/@esbuild/android-arm64'
163 silly reify ]
164 verbose reify failed optional dependency /home/mike__2099/Documents/GitHub/e-Portfolio-2025/portfolio2/node_modules/@esbuild/android-arm
165 silly reify mark deleted [
165 silly reify   '/home/mike__2099/Documents/GitHub/e-Portfolio-2025/portfolio2/node_modules/@esbuild/android-arm'
165 silly reify ]
166 verbose reify failed optional dependency /home/mike__2099/Documents/GitHub/e-Portfolio-2025/portfolio2/node_modules/@esbuild/aix-ppc64
167 silly reify mark deleted [
167 silly reify   '/home/mike__2099/Documents/GitHub/e-Portfolio-2025/portfolio2/node_modules/@esbuild/aix-ppc64'
167 silly reify ]
168 http cache @tybys/wasm-util@https://registry.npmjs.org/@tybys/wasm-util/-/wasm-util-0.10.1.tgz 0ms (cache hit)
169 http cache @emnapi/core@https://registry.npmjs.org/@emnapi/core/-/core-1.7.1.tgz 0ms (cache hit)
170 http cache @emnapi/wasi-threads@https://registry.npmjs.org/@emnapi/wasi-threads/-/wasi-threads-1.1.0.tgz 0ms (cache hit)
171 http cache @next/swc-linux-x64-musl@https://registry.npmjs.org/@next/swc-linux-x64-musl/-/swc-linux-x64-musl-16.0.10.tgz 0ms (cache hit)
172 http cache @napi-rs/wasm-runtime@https://registry.npmjs.org/@napi-rs/wasm-runtime/-/wasm-runtime-0.2.12.tgz 0ms (cache hit)
173 silly tarball no local data for @next/swc-linux-x64-musl@https://registry.npmjs.org/@next/swc-linux-x64-musl/-/swc-linux-x64-musl-16.0.10.tgz. Extracting by manifest.
174 http fetch POST 200 https://registry.npmjs.org/-/npm/v1/security/advisories/bulk 133ms
175 silly audit report {}
176 http fetch GET 200 https://registry.npmjs.org/@next/swc-linux-x64-musl/-/swc-linux-x64-musl-16.0.10.tgz 3106ms (cache miss)
177 silly ADD
178 silly ADD
179 silly ADD
180 silly ADD
181 silly ADD
182 silly ADD
183 silly ADD
184 silly ADD
185 silly ADD
186 silly ADD
187 silly ADD
188 silly ADD
189 silly ADD
190 silly ADD
191 silly ADD
192 silly ADD
193 silly ADD
194 silly ADD
195 silly ADD
196 silly ADD
197 silly ADD
198 silly ADD node_modules/@next/swc-linux-x64-musl
199 silly ADD
200 silly ADD
201 silly ADD
202 silly ADD
203 silly ADD
204 silly ADD
205 silly ADD
206 silly ADD
207 silly ADD
208 silly ADD
209 silly ADD
210 silly ADD
211 silly ADD
212 silly ADD
213 silly ADD
214 silly ADD
215 silly ADD
216 silly ADD
217 silly ADD
218 silly ADD
219 silly ADD
220 silly ADD
221 silly ADD
222 silly ADD
223 silly ADD
224 silly ADD
225 silly ADD
226 silly ADD
227 silly ADD
228 silly ADD
229 silly ADD
230 silly ADD
231 silly ADD
232 silly ADD
233 silly ADD
234 silly ADD
235 silly ADD
236 silly ADD
237 silly ADD
238 silly ADD
239 silly ADD
240 silly ADD
241 silly ADD
242 silly ADD
243 silly ADD
244 silly ADD
245 silly ADD
246 silly ADD
247 silly ADD
248 silly ADD
249 silly ADD
250 silly ADD
251 verbose cwd /home/mike__2099/Documents/GitHub/e-Portfolio-2025/portfolio2
252 verbose os Linux 6.14.0-37-generic
253 verbose node v22.21.0
254 verbose npm  v10.9.4
255 verbose exit 0
256 info ok
