0 verbose cli /home/mike__2099/.nvm/versions/node/v22.21.0/bin/node /home/mike__2099/.nvm/versions/node/v22.21.0/bin/npm
1 info using npm@10.9.4
2 info using node@v22.21.0
3 silly config load:file:/home/mike__2099/.nvm/versions/node/v22.21.0/lib/node_modules/npm/npmrc
4 silly config load:file:/home/mike__2099/Documents/GitHub/e-Portfolio-2025/portfolio2/.npmrc
5 silly config load:file:/home/mike__2099/.npmrc
6 silly config load:file:/home/mike__2099/.nvm/versions/node/v22.21.0/etc/npmrc
7 verbose title npm i typescript@latest @types/react@latest @types/react-dom@latest
8 verbose argv "i" "--save-dev" "typescript@latest" "@types/react@latest" "@types/react-dom@latest"
9 verbose logfile logs-max:10 dir:/home/mike__2099/Documents/GitHub/e-Portfolio-2025/portfolio2/.npm-cache/_logs/2025-12-14T13_38_45_486Z-
10 verbose logfile /home/mike__2099/Documents/GitHub/e-Portfolio-2025/portfolio2/.npm-cache/_logs/2025-12-14T13_38_45_486Z-debug-0.log
11 silly logfile start cleaning logs, removing 1 files
12 silly packumentCache heap:2197815296 maxSize:549453824 maxEntrySize:274726912
13 silly logfile done cleaning log files
14 silly packumentCache corgi:https://registry.npmjs.org/typescript cache-miss
15 silly packumentCache corgi:https://registry.npmjs.org/@types%2freact cache-miss
16 silly packumentCache corgi:https://registry.npmjs.org/@types%2freact-dom cache-miss
17 http fetch GET 200 https://registry.npmjs.org/@types%2freact-dom 227ms (cache miss)
18 silly packumentCache corgi:https://registry.npmjs.org/@types%2freact-dom set size:undefined disposed:false
19 http fetch GET 200 https://registry.npmjs.org/@types%2freact 256ms (cache miss)
20 silly packumentCache corgi:https://registry.npmjs.org/@types%2freact set size:undefined disposed:false
21 http fetch GET 200 https://registry.npmjs.org/typescript 348ms (cache miss)
22 silly packumentCache corgi:https://registry.npmjs.org/typescript set size:undefined disposed:false
23 silly idealTree buildDeps
24 silly fetch manifest @types/react@19.2.7
25 silly packumentCache full:https://registry.npmjs.org/@types%2freact cache-miss
26 http fetch GET 200 https://registry.npmjs.org/@types%2freact 70ms (cache revalidated)
27 silly packumentCache full:https://registry.npmjs.org/@types%2freact set size:2541992 disposed:false
28 silly fetch manifest @types/react-dom@19.2.3
29 silly packumentCache full:https://registry.npmjs.org/@types%2freact-dom cache-miss
30 http fetch GET 200 https://registry.npmjs.org/@types%2freact-dom 64ms (cache revalidated)
31 silly packumentCache full:https://registry.npmjs.org/@types%2freact-dom set size:429026 disposed:false
32 silly fetch manifest typescript@5.9.3
33 silly packumentCache full:https://registry.npmjs.org/typescript cache-miss
34 http fetch GET 200 https://registry.npmjs.org/typescript 116ms (cache revalidated)
35 silly packumentCache full:https://registry.npmjs.org/typescript set size:15009309 disposed:false
36 silly placeDep ROOT @types/react@19.2.7 REPLACE for: portfolio2@0.1.0 want: 19.2.7
37 silly placeDep ROOT @types/react-dom@19.2.3 REPLACE for: portfolio2@0.1.0 want: 19.2.3
38 silly placeDep ROOT typescript@5.9.3 REPLACE for: portfolio2@0.1.0 want: 5.9.3
39 silly reify moves {}
40 silly audit bulk request {
40 silly audit   '@emailjs/browser': [ '4.4.1' ],
40 silly audit   '@emnapi/core': [ '1.7.1' ],
40 silly audit   '@emnapi/runtime': [ '1.7.1' ],
40 silly audit   '@emnapi/wasi-threads': [ '1.1.0' ],
40 silly audit   '@esbuild/aix-ppc64': [ '0.27.1' ],
40 silly audit   '@esbuild/android-arm': [ '0.27.1' ],
40 silly audit   '@esbuild/android-arm64': [ '0.27.1' ],
40 silly audit   '@esbuild/android-x64': [ '0.27.1' ],
40 silly audit   '@esbuild/darwin-arm64': [ '0.27.1' ],
40 silly audit   '@esbuild/darwin-x64': [ '0.27.1' ],
40 silly audit   '@esbuild/freebsd-arm64': [ '0.27.1' ],
40 silly audit   '@esbuild/freebsd-x64': [ '0.27.1' ],
40 silly audit   '@esbuild/linux-arm': [ '0.27.1' ],
40 silly audit   '@esbuild/linux-arm64': [ '0.27.1' ],
40 silly audit   '@esbuild/linux-ia32': [ '0.27.1' ],
40 silly audit   '@esbuild/linux-loong64': [ '0.27.1' ],
40 silly audit   '@esbuild/linux-mips64el': [ '0.27.1' ],
40 silly audit   '@esbuild/linux-ppc64': [ '0.27.1' ],
40 silly audit   '@esbuild/linux-riscv64': [ '0.27.1' ],
40 silly audit   '@esbuild/linux-s390x': [ '0.27.1' ],
40 silly audit   '@esbuild/linux-x64': [ '0.27.1' ],
40 silly audit   '@esbuild/netbsd-arm64': [ '0.27.1' ],
40 silly audit   '@esbuild/netbsd-x64': [ '0.27.1' ],
40 silly audit   '@esbuild/openbsd-arm64': [ '0.27.1' ],
40 silly audit   '@esbuild/openbsd-x64': [ '0.27.1' ],
40 silly audit   '@esbuild/openharmony-arm64': [ '0.27.1' ],
40 silly audit   '@esbuild/sunos-x64': [ '0.27.1' ],
40 silly audit   '@esbuild/win32-arm64': [ '0.27.1' ],
40 silly audit   '@esbuild/win32-ia32': [ '0.27.1' ],
40 silly audit   '@esbuild/win32-x64': [ '0.27.1' ],
40 silly audit   '@eslint-community/eslint-utils': [ '4.9.0' ],
40 silly audit   'eslint-visitor-keys': [ '3.4.3', '4.2.1' ],
40 silly audit   '@eslint-community/regexpp': [ '4.12.2' ],
40 silly audit   '@eslint/config-array': [ '0.21.1' ],
40 silly audit   '@eslint/config-helpers': [ '0.4.2' ],
40 silly audit   '@eslint/core': [ '0.17.0' ],
40 silly audit   '@eslint/eslintrc': [ '3.3.3' ],
40 silly audit   '@eslint/js': [ '9.39.2' ],
40 silly audit   '@eslint/object-schema': [ '2.1.7' ],
40 silly audit   '@eslint/plugin-kit': [ '0.4.1' ],
40 silly audit   '@humanfs/core': [ '0.19.1' ],
40 silly audit   '@humanfs/node': [ '0.16.7' ],
40 silly audit   '@humanwhocodes/module-importer': [ '1.0.1' ],
40 silly audit   '@humanwhocodes/retry': [ '0.4.3' ],
40 silly audit   '@img/colour': [ '1.0.0' ],
40 silly audit   '@img/sharp-darwin-arm64': [ '0.34.5' ],
40 silly audit   '@img/sharp-darwin-x64': [ '0.34.5' ],
40 silly audit   '@img/sharp-libvips-darwin-arm64': [ '1.2.4' ],
40 silly audit   '@img/sharp-libvips-darwin-x64': [ '1.2.4' ],
40 silly audit   '@img/sharp-libvips-linux-arm': [ '1.2.4' ],
40 silly audit   '@img/sharp-libvips-linux-arm64': [ '1.2.4' ],
40 silly audit   '@img/sharp-libvips-linux-ppc64': [ '1.2.4' ],
40 silly audit   '@img/sharp-libvips-linux-riscv64': [ '1.2.4' ],
40 silly audit   '@img/sharp-libvips-linux-s390x': [ '1.2.4' ],
40 silly audit   '@img/sharp-libvips-linux-x64': [ '1.2.4' ],
40 silly audit   '@img/sharp-libvips-linuxmusl-arm64': [ '1.2.4' ],
40 silly audit   '@img/sharp-libvips-linuxmusl-x64': [ '1.2.4' ],
40 silly audit   '@img/sharp-linux-arm': [ '0.34.5' ],
40 silly audit   '@img/sharp-linux-arm64': [ '0.34.5' ],
40 silly audit   '@img/sharp-linux-ppc64': [ '0.34.5' ],
40 silly audit   '@img/sharp-linux-riscv64': [ '0.34.5' ],
40 silly audit   '@img/sharp-linux-s390x': [ '0.34.5' ],
40 silly audit   '@img/sharp-linux-x64': [ '0.34.5' ],
40 silly audit   '@img/sharp-linuxmusl-arm64': [ '0.34.5' ],
40 silly audit   '@img/sharp-linuxmusl-x64': [ '0.34.5' ],
40 silly audit   '@img/sharp-wasm32': [ '0.34.5' ],
40 silly audit   '@img/sharp-win32-arm64': [ '0.34.5' ],
40 silly audit   '@img/sharp-win32-ia32': [ '0.34.5' ],
40 silly audit   '@img/sharp-win32-x64': [ '0.34.5' ],
40 silly audit   '@napi-rs/wasm-runtime': [ '0.2.12' ],
40 silly audit   '@next/env': [ '15.5.9' ],
40 silly audit   '@next/eslint-plugin-next': [ '15.5.3' ],
40 silly audit   '@next/swc-darwin-arm64': [ '15.5.7' ],
40 silly audit   '@next/swc-darwin-x64': [ '15.5.7' ],
40 silly audit   '@next/swc-linux-arm64-gnu': [ '15.5.7' ],
40 silly audit   '@next/swc-linux-arm64-musl': [ '15.5.7' ],
40 silly audit   '@next/swc-linux-x64-gnu': [ '15.5.7' ],
40 silly audit   '@next/swc-linux-x64-musl': [ '15.5.7' ],
40 silly audit   '@next/swc-win32-arm64-msvc': [ '15.5.7' ],
40 silly audit   '@next/swc-win32-x64-msvc': [ '15.5.7' ],
40 silly audit   '@nodelib/fs.scandir': [ '2.1.5' ],
40 silly audit   '@nodelib/fs.stat': [ '2.0.5' ],
40 silly audit   '@nodelib/fs.walk': [ '1.2.8' ],
40 silly audit   '@nolyfill/is-core-module': [ '1.0.39' ],
40 silly audit   '@rtsao/scc': [ '1.1.0' ],
40 silly audit   '@rushstack/eslint-patch': [ '1.15.0' ],
40 silly audit   '@swc/helpers': [ '0.5.15' ],
40 silly audit   '@tybys/wasm-util': [ '0.10.1' ],
40 silly audit   '@types/estree': [ '1.0.8' ],
40 silly audit   '@types/json-schema': [ '7.0.15' ],
40 silly audit   '@types/json5': [ '0.0.29' ],
40 silly audit   '@types/node': [ '20.19.27' ],
40 silly audit   '@typescript-eslint/eslint-plugin': [ '8.49.0' ],
40 silly audit   ignore: [ '7.0.5', '5.3.2' ],
40 silly audit   '@typescript-eslint/parser': [ '8.49.0' ],
40 silly audit   '@typescript-eslint/project-service': [ '8.49.0' ],
40 silly audit   '@typescript-eslint/scope-manager': [ '8.49.0' ],
40 silly audit   '@typescript-eslint/tsconfig-utils': [ '8.49.0' ],
40 silly audit   '@typescript-eslint/type-utils': [ '8.49.0' ],
40 silly audit   '@typescript-eslint/types': [ '8.49.0' ],
40 silly audit   '@typescript-eslint/typescript-estree': [ '8.49.0' ],
40 silly audit   'brace-expansion': [ '2.0.2', '1.1.12' ],
40 silly audit   minimatch: [ '9.0.5', '3.1.2' ],
40 silly audit   '@typescript-eslint/utils': [ '8.49.0' ],
40 silly audit   '@typescript-eslint/visitor-keys': [ '8.49.0' ],
40 silly audit   '@unrs/resolver-binding-android-arm-eabi': [ '1.11.1' ],
40 silly audit   '@unrs/resolver-binding-android-arm64': [ '1.11.1' ],
40 silly audit   '@unrs/resolver-binding-darwin-arm64': [ '1.11.1' ],
40 silly audit   '@unrs/resolver-binding-darwin-x64': [ '1.11.1' ],
40 silly audit   '@unrs/resolver-binding-freebsd-x64': [ '1.11.1' ],
40 silly audit   '@unrs/resolver-binding-linux-arm-gnueabihf': [ '1.11.1' ],
40 silly audit   '@unrs/resolver-binding-linux-arm-musleabihf': [ '1.11.1' ],
40 silly audit   '@unrs/resolver-binding-linux-arm64-gnu': [ '1.11.1' ],
40 silly audit   '@unrs/resolver-binding-linux-arm64-musl': [ '1.11.1' ],
40 silly audit   '@unrs/resolver-binding-linux-ppc64-gnu': [ '1.11.1' ],
40 silly audit   '@unrs/resolver-binding-linux-riscv64-gnu': [ '1.11.1' ],
40 silly audit   '@unrs/resolver-binding-linux-riscv64-musl': [ '1.11.1' ],
40 silly audit   '@unrs/resolver-binding-linux-s390x-gnu': [ '1.11.1' ],
40 silly audit   '@unrs/resolver-binding-linux-x64-gnu': [ '1.11.1' ],
40 silly audit   '@unrs/resolver-binding-linux-x64-musl': [ '1.11.1' ],
40 silly audit   '@unrs/resolver-binding-wasm32-wasi': [ '1.11.1' ],
40 silly audit   '@unrs/resolver-binding-win32-arm64-msvc': [ '1.11.1' ],
40 silly audit   '@unrs/resolver-binding-win32-ia32-msvc': [ '1.11.1' ],
40 silly audit   '@unrs/resolver-binding-win32-x64-msvc': [ '1.11.1' ],
40 silly audit   acorn: [ '8.15.0' ],
40 silly audit   'acorn-jsx': [ '5.3.2' ],
40 silly audit   ajv: [ '6.12.6' ],
40 silly audit   'ansi-styles': [ '4.3.0' ],
40 silly audit   argparse: [ '2.0.1' ],
40 silly audit   'aria-query': [ '5.3.2' ],
40 silly audit   'array-buffer-byte-length': [ '1.0.2' ],
40 silly audit   'array-includes': [ '3.1.9' ],
40 silly audit   'array.prototype.findlast': [ '1.2.5' ],
40 silly audit   'array.prototype.findlastindex': [ '1.2.6' ],
40 silly audit   'array.prototype.flat': [ '1.3.3' ],
40 silly audit   'array.prototype.flatmap': [ '1.3.3' ],
40 silly audit   'array.prototype.tosorted': [ '1.1.4' ],
40 silly audit   'arraybuffer.prototype.slice': [ '1.0.4' ],
40 silly audit   'ast-types-flow': [ '0.0.8' ],
40 silly audit   'async-function': [ '1.0.0' ],
40 silly audit   'available-typed-arrays': [ '1.0.7' ],
40 silly audit   'axe-core': [ '4.11.0' ],
40 silly audit   'axobject-query': [ '4.1.0' ],
40 silly audit   'balanced-match': [ '1.0.2' ],
40 silly audit   braces: [ '3.0.3' ],
40 silly audit   'call-bind': [ '1.0.8' ],
40 silly audit   'call-bind-apply-helpers': [ '1.0.2' ],
40 silly audit   'call-bound': [ '1.0.4' ],
40 silly audit   callsites: [ '3.1.0' ],
40 silly audit   'caniuse-lite': [ '1.0.30001760' ],
40 silly audit   chalk: [ '4.1.2' ],
40 silly audit   'client-only': [ '0.0.1' ],
40 silly audit   'color-convert': [ '2.0.1' ],
40 silly audit   'color-name': [ '1.1.4' ],
40 silly audit   'concat-map': [ '0.0.1' ],
40 silly audit   'cross-spawn': [ '7.0.6' ],
40 silly audit   csstype: [ '3.2.3' ],
40 silly audit   'damerau-levenshtein': [ '1.0.8' ],
40 silly audit   'data-view-buffer': [ '1.0.2' ],
40 silly audit   'data-view-byte-length': [ '1.0.2' ],
40 silly audit   'data-view-byte-offset': [ '1.0.1' ],
40 silly audit   debug: [ '4.4.3', '3.2.7' ],
40 silly audit   'deep-is': [ '0.1.4' ],
40 silly audit   'define-data-property': [ '1.1.4' ],
40 silly audit   'define-properties': [ '1.2.1' ],
40 silly audit   'detect-libc': [ '2.1.2' ],
40 silly audit   doctrine: [ '2.1.0' ],
40 silly audit   'dunder-proto': [ '1.0.1' ],
40 silly audit   'emoji-regex': [ '9.2.2' ],
40 silly audit   'es-abstract': [ '1.24.1' ],
40 silly audit   'es-define-property': [ '1.0.1' ],
40 silly audit   'es-errors': [ '1.3.0' ],
40 silly audit   'es-iterator-helpers': [ '1.2.2' ],
40 silly audit   'es-object-atoms': [ '1.1.1' ],
40 silly audit   'es-set-tostringtag': [ '2.1.0' ],
40 silly audit   'es-shim-unscopables': [ '1.1.0' ],
40 silly audit   'es-to-primitive': [ '1.3.0' ],
40 silly audit   esbuild: [ '0.27.1' ],
40 silly audit   'escape-string-regexp': [ '4.0.0' ],
40 silly audit   eslint: [ '9.39.2' ],
40 silly audit   'eslint-config-next': [ '15.5.3' ],
40 silly audit   'eslint-import-resolver-node': [ '0.3.9' ],
40 silly audit   'eslint-import-resolver-typescript': [ '3.10.1' ],
40 silly audit   'eslint-module-utils': [ '2.12.1' ],
40 silly audit   'eslint-plugin-import': [ '2.32.0' ],
40 silly audit   semver: [ '6.3.1', '7.7.3' ],
40 silly audit   'eslint-plugin-jsx-a11y': [ '6.10.2' ],
40 silly audit   'eslint-plugin-react': [ '7.37.5' ],
40 silly audit   'eslint-plugin-react-hooks': [ '5.2.0' ],
40 silly audit   resolve: [ '2.0.0-next.5', '1.22.11' ],
40 silly audit   'eslint-scope': [ '8.4.0' ],
40 silly audit   espree: [ '10.4.0' ],
40 silly audit   esquery: [ '1.6.0' ],
40 silly audit   esrecurse: [ '4.3.0' ],
40 silly audit   estraverse: [ '5.3.0' ],
40 silly audit   esutils: [ '2.0.3' ],
40 silly audit   'fast-deep-equal': [ '3.1.3' ],
40 silly audit   'fast-glob': [ '3.3.1' ],
40 silly audit   'glob-parent': [ '5.1.2', '6.0.2' ],
40 silly audit   'fast-json-stable-stringify': [ '2.1.0' ],
40 silly audit   'fast-levenshtein': [ '2.0.6' ],
40 silly audit   fastq: [ '1.19.1' ],
40 silly audit   'file-entry-cache': [ '8.0.0' ],
40 silly audit   'fill-range': [ '7.1.1' ],
40 silly audit   'find-up': [ '5.0.0' ],
40 silly audit   'flat-cache': [ '4.0.1' ],
40 silly audit   flatted: [ '3.3.3' ],
40 silly audit   'for-each': [ '0.3.5' ],
40 silly audit   fsevents: [ '2.3.3' ],
40 silly audit   'function-bind': [ '1.1.2' ],
40 silly audit   'function.prototype.name': [ '1.1.8' ],
40 silly audit   'functions-have-names': [ '1.2.3' ],
40 silly audit   'generator-function': [ '2.0.1' ],
40 silly audit   'get-intrinsic': [ '1.3.0' ],
40 silly audit   'get-proto': [ '1.0.1' ],
40 silly audit   'get-symbol-description': [ '1.1.0' ],
40 silly audit   'get-tsconfig': [ '4.13.0' ],
40 silly audit   globals: [ '14.0.0' ],
40 silly audit   globalthis: [ '1.0.4' ],
40 silly audit   gopd: [ '1.2.0' ],
40 silly audit   gsap: [ '3.14.2' ],
40 silly audit   'has-bigints': [ '1.1.0' ],
40 silly audit   'has-flag': [ '4.0.0' ],
40 silly audit   'has-property-descriptors': [ '1.0.2' ],
40 silly audit   'has-proto': [ '1.2.0' ],
40 silly audit   'has-symbols': [ '1.1.0' ],
40 silly audit   'has-tostringtag': [ '1.0.2' ],
40 silly audit   hasown: [ '2.0.2' ],
40 silly audit   'import-fresh': [ '3.3.1' ],
40 silly audit   imurmurhash: [ '0.1.4' ],
40 silly audit   'internal-slot': [ '1.1.0' ],
40 silly audit   'is-array-buffer': [ '3.0.5' ],
40 silly audit   'is-async-function': [ '2.1.1' ],
40 silly audit   'is-bigint': [ '1.1.0' ],
40 silly audit   'is-boolean-object': [ '1.2.2' ],
40 silly audit   'is-bun-module': [ '2.0.0' ],
40 silly audit   'is-callable': [ '1.2.7' ],
40 silly audit   'is-core-module': [ '2.16.1' ],
40 silly audit   'is-data-view': [ '1.0.2' ],
40 silly audit   'is-date-object': [ '1.1.0' ],
40 silly audit   'is-extglob': [ '2.1.1' ],
40 silly audit   'is-finalizationregistry': [ '1.1.1' ],
40 silly audit   'is-generator-function': [ '1.1.2' ],
40 silly audit   'is-glob': [ '4.0.3' ],
40 silly audit   'is-map': [ '2.0.3' ],
40 silly audit   'is-negative-zero': [ '2.0.3' ],
40 silly audit   'is-number': [ '7.0.0' ],
40 silly audit   'is-number-object': [ '1.1.1' ],
40 silly audit   'is-regex': [ '1.2.1' ],
40 silly audit   'is-set': [ '2.0.3' ],
40 silly audit   'is-shared-array-buffer': [ '1.0.4' ],
40 silly audit   'is-string': [ '1.1.1' ],
40 silly audit   'is-symbol': [ '1.1.1' ],
40 silly audit   'is-typed-array': [ '1.1.15' ],
40 silly audit   'is-weakmap': [ '2.0.2' ],
40 silly audit   'is-weakref': [ '1.1.1' ],
40 silly audit   'is-weakset': [ '2.0.4' ],
40 silly audit   isarray: [ '2.0.5' ],
40 silly audit   isexe: [ '2.0.0' ],
40 silly audit   'iterator.prototype': [ '1.1.5' ],
40 silly audit   'js-tokens': [ '4.0.0' ],
40 silly audit   'js-yaml': [ '4.1.1' ],
40 silly audit   'json-buffer': [ '3.0.1' ],
40 silly audit   'json-schema-traverse': [ '0.4.1' ],
40 silly audit   'json-stable-stringify-without-jsonify': [ '1.0.1' ],
40 silly audit   json5: [ '1.0.2' ],
40 silly audit   'jsx-ast-utils': [ '3.3.5' ],
40 silly audit   keyv: [ '4.5.4' ],
40 silly audit   'language-subtag-registry': [ '0.3.23' ],
40 silly audit   'language-tags': [ '1.0.9' ],
40 silly audit   levn: [ '0.4.1' ],
40 silly audit   'locate-path': [ '6.0.0' ],
40 silly audit   'lodash.merge': [ '4.6.2' ],
40 silly audit   'loose-envify': [ '1.4.0' ],
40 silly audit   'math-intrinsics': [ '1.1.0' ],
40 silly audit   merge2: [ '1.4.1' ],
40 silly audit   micromatch: [ '4.0.8' ],
40 silly audit   minimist: [ '1.2.8' ],
40 silly audit   ms: [ '2.1.3' ],
40 silly audit   nanoid: [ '3.3.11' ],
40 silly audit   'napi-postinstall': [ '0.3.4' ],
40 silly audit   'natural-compare': [ '1.4.0' ],
40 silly audit   next: [ '15.5.9' ],
40 silly audit   'object-assign': [ '4.1.1' ],
40 silly audit   'object-inspect': [ '1.13.4' ],
40 silly audit   'object-keys': [ '1.1.1' ],
40 silly audit   'object.assign': [ '4.1.7' ],
40 silly audit   'object.entries': [ '1.1.9' ],
40 silly audit   'object.fromentries': [ '2.0.8' ],
40 silly audit   'object.groupby': [ '1.0.3' ],
40 silly audit   'object.values': [ '1.2.1' ],
40 silly audit   optionator: [ '0.9.4' ],
40 silly audit   'own-keys': [ '1.0.1' ],
40 silly audit   'p-limit': [ '3.1.0' ],
40 silly audit   'p-locate': [ '5.0.0' ],
40 silly audit   'parent-module': [ '1.0.1' ],
40 silly audit   'path-exists': [ '4.0.0' ],
40 silly audit   'path-key': [ '3.1.1' ],
40 silly audit   'path-parse': [ '1.0.7' ],
40 silly audit   picocolors: [ '1.1.1' ],
40 silly audit   picomatch: [ '2.3.1', '4.0.3' ],
40 silly audit   'possible-typed-array-names': [ '1.1.0' ],
40 silly audit   postcss: [ '8.4.31' ],
40 silly audit   'prelude-ls': [ '1.2.1' ],
40 silly audit   'prop-types': [ '15.8.1' ],
40 silly audit   punycode: [ '2.3.1' ],
40 silly audit   'queue-microtask': [ '1.2.3' ],
40 silly audit   react: [ '19.1.0' ],
40 silly audit   'react-dom': [ '19.1.0' ],
40 silly audit   'react-icons': [ '5.5.0' ],
40 silly audit   'react-is': [ '16.13.1' ],
40 silly audit   'reflect.getprototypeof': [ '1.0.10' ],
40 silly audit   'regexp.prototype.flags': [ '1.5.4' ],
40 silly audit   'resolve-from': [ '4.0.0' ],
40 silly audit   'resolve-pkg-maps': [ '1.0.0' ],
40 silly audit   reusify: [ '1.1.0' ],
40 silly audit   'run-parallel': [ '1.2.0' ],
40 silly audit   'safe-array-concat': [ '1.1.3' ],
40 silly audit   'safe-push-apply': [ '1.0.0' ],
40 silly audit   'safe-regex-test': [ '1.1.0' ],
40 silly audit   scheduler: [ '0.26.0' ],
40 silly audit   'set-function-length': [ '1.2.2' ],
40 silly audit   'set-function-name': [ '2.0.2' ],
40 silly audit   'set-proto': [ '1.0.0' ],
40 silly audit   sharp: [ '0.34.5' ],
40 silly audit   'shebang-command': [ '2.0.0' ],
40 silly audit   'shebang-regex': [ '3.0.0' ],
40 silly audit   'side-channel': [ '1.1.0' ],
40 silly audit   'side-channel-list': [ '1.0.0' ],
40 silly audit   'side-channel-map': [ '1.0.1' ],
40 silly audit   'side-channel-weakmap': [ '1.0.2' ],
40 silly audit   'simple-icons': [ '15.22.0' ],
40 silly audit   'source-map-js': [ '1.2.1' ],
40 silly audit   'stable-hash': [ '0.0.5' ],
40 silly audit   'stop-iteration-iterator': [ '1.1.0' ],
40 silly audit   'string.prototype.includes': [ '2.0.1' ],
40 silly audit   'string.prototype.matchall': [ '4.0.12' ],
40 silly audit   'string.prototype.repeat': [ '1.0.0' ],
40 silly audit   'string.prototype.trim': [ '1.2.10' ],
40 silly audit   'string.prototype.trimend': [ '1.0.9' ],
40 silly audit   'string.prototype.trimstart': [ '1.0.8' ],
40 silly audit   'strip-bom': [ '3.0.0' ],
40 silly audit   'strip-json-comments': [ '3.1.1' ],
40 silly audit   'styled-jsx': [ '5.1.6' ],
40 silly audit   'supports-color': [ '7.2.0' ],
40 silly audit   'supports-preserve-symlinks-flag': [ '1.0.0' ],
40 silly audit   tinyglobby: [ '0.2.15' ],
40 silly audit   fdir: [ '6.5.0' ],
40 silly audit   'to-regex-range': [ '5.0.1' ],
40 silly audit   'ts-api-utils': [ '2.1.0' ],
40 silly audit   'tsconfig-paths': [ '3.15.0' ],
40 silly audit   tslib: [ '2.8.1' ],
40 silly audit   tsx: [ '4.21.0' ],
40 silly audit   'type-check': [ '0.4.0' ],
40 silly audit   'typed-array-buffer': [ '1.0.3' ],
40 silly audit   'typed-array-byte-length': [ '1.0.3' ],
40 silly audit   'typed-array-byte-offset': [ '1.0.4' ],
40 silly audit   'typed-array-length': [ '1.0.7' ],
40 silly audit   'unbox-primitive': [ '1.1.0' ],
40 silly audit   'undici-types': [ '6.21.0' ],
40 silly audit   'unrs-resolver': [ '1.11.1' ],
40 silly audit   'uri-js': [ '4.4.1' ],
40 silly audit   which: [ '2.0.2' ],
40 silly audit   'which-boxed-primitive': [ '1.1.1' ],
40 silly audit   'which-builtin-type': [ '1.2.1' ],
40 silly audit   'which-collection': [ '1.0.2' ],
40 silly audit   'which-typed-array': [ '1.1.19' ],
40 silly audit   'word-wrap': [ '1.2.5' ],
40 silly audit   'yocto-queue': [ '0.1.0' ],
40 silly audit   '@types/react': [ '19.2.7' ],
40 silly audit   '@types/react-dom': [ '19.2.3' ],
40 silly audit   typescript: [ '5.9.3' ]
40 silly audit }
41 verbose reify failed optional dependency /home/mike__2099/Documents/GitHub/e-Portfolio-2025/portfolio2/node_modules/fsevents
42 silly reify mark deleted [
42 silly reify   '/home/mike__2099/Documents/GitHub/e-Portfolio-2025/portfolio2/node_modules/fsevents'
42 silly reify ]
43 verbose reify failed optional dependency /home/mike__2099/Documents/GitHub/e-Portfolio-2025/portfolio2/node_modules/@unrs/resolver-binding-win32-x64-msvc
44 silly reify mark deleted [
44 silly reify   '/home/mike__2099/Documents/GitHub/e-Portfolio-2025/portfolio2/node_modules/@unrs/resolver-binding-win32-x64-msvc'
44 silly reify ]
45 verbose reify failed optional dependency /home/mike__2099/Documents/GitHub/e-Portfolio-2025/portfolio2/node_modules/@unrs/resolver-binding-win32-ia32-msvc
46 silly reify mark deleted [
46 silly reify   '/home/mike__2099/Documents/GitHub/e-Portfolio-2025/portfolio2/node_modules/@unrs/resolver-binding-win32-ia32-msvc'
46 silly reify ]
47 verbose reify failed optional dependency /home/mike__2099/Documents/GitHub/e-Portfolio-2025/portfolio2/node_modules/@unrs/resolver-binding-win32-arm64-msvc
48 silly reify mark deleted [
48 silly reify   '/home/mike__2099/Documents/GitHub/e-Portfolio-2025/portfolio2/node_modules/@unrs/resolver-binding-win32-arm64-msvc'
48 silly reify ]
49 verbose reify failed optional dependency /home/mike__2099/Documents/GitHub/e-Portfolio-2025/portfolio2/node_modules/@unrs/resolver-binding-wasm32-wasi
50 silly reify mark deleted [
50 silly reify   '/home/mike__2099/Documents/GitHub/e-Portfolio-2025/portfolio2/node_modules/@unrs/resolver-binding-wasm32-wasi'
50 silly reify ]
51 verbose reify failed optional dependency /home/mike__2099/Documents/GitHub/e-Portfolio-2025/portfolio2/node_modules/@napi-rs/wasm-runtime
52 silly reify mark deleted [
52 silly reify   '/home/mike__2099/Documents/GitHub/e-Portfolio-2025/portfolio2/node_modules/@napi-rs/wasm-runtime'
52 silly reify ]
53 verbose reify failed optional dependency /home/mike__2099/Documents/GitHub/e-Portfolio-2025/portfolio2/node_modules/@emnapi/core
54 silly reify mark deleted [
54 silly reify   '/home/mike__2099/Documents/GitHub/e-Portfolio-2025/portfolio2/node_modules/@emnapi/core'
54 silly reify ]
55 verbose reify failed optional dependency /home/mike__2099/Documents/GitHub/e-Portfolio-2025/portfolio2/node_modules/@tybys/wasm-util
56 silly reify mark deleted [
56 silly reify   '/home/mike__2099/Documents/GitHub/e-Portfolio-2025/portfolio2/node_modules/@tybys/wasm-util'
56 silly reify ]
57 verbose reify failed optional dependency /home/mike__2099/Documents/GitHub/e-Portfolio-2025/portfolio2/node_modules/@emnapi/wasi-threads
58 silly reify mark deleted [
58 silly reify   '/home/mike__2099/Documents/GitHub/e-Portfolio-2025/portfolio2/node_modules/@emnapi/wasi-threads'
58 silly reify ]
59 verbose reify failed optional dependency /home/mike__2099/Documents/GitHub/e-Portfolio-2025/portfolio2/node_modules/@unrs/resolver-binding-linux-s390x-gnu
60 silly reify mark deleted [
60 silly reify   '/home/mike__2099/Documents/GitHub/e-Portfolio-2025/portfolio2/node_modules/@unrs/resolver-binding-linux-s390x-gnu'
60 silly reify ]
61 verbose reify failed optional dependency /home/mike__2099/Documents/GitHub/e-Portfolio-2025/portfolio2/node_modules/@unrs/resolver-binding-linux-riscv64-musl
62 silly reify mark deleted [
62 silly reify   '/home/mike__2099/Documents/GitHub/e-Portfolio-2025/portfolio2/node_modules/@unrs/resolver-binding-linux-riscv64-musl'
62 silly reify ]
63 verbose reify failed optional dependency /home/mike__2099/Documents/GitHub/e-Portfolio-2025/portfolio2/node_modules/@unrs/resolver-binding-linux-riscv64-gnu
64 silly reify mark deleted [
64 silly reify   '/home/mike__2099/Documents/GitHub/e-Portfolio-2025/portfolio2/node_modules/@unrs/resolver-binding-linux-riscv64-gnu'
64 silly reify ]
65 verbose reify failed optional dependency /home/mike__2099/Documents/GitHub/e-Portfolio-2025/portfolio2/node_modules/@unrs/resolver-binding-linux-ppc64-gnu
66 silly reify mark deleted [
66 silly reify   '/home/mike__2099/Documents/GitHub/e-Portfolio-2025/portfolio2/node_modules/@unrs/resolver-binding-linux-ppc64-gnu'
66 silly reify ]
67 verbose reify failed optional dependency /home/mike__2099/Documents/GitHub/e-Portfolio-2025/portfolio2/node_modules/@unrs/resolver-binding-linux-arm64-musl
68 silly reify mark deleted [
68 silly reify   '/home/mike__2099/Documents/GitHub/e-Portfolio-2025/portfolio2/node_modules/@unrs/resolver-binding-linux-arm64-musl'
68 silly reify ]
69 verbose reify failed optional dependency /home/mike__2099/Documents/GitHub/e-Portfolio-2025/portfolio2/node_modules/@unrs/resolver-binding-linux-arm64-gnu
70 silly reify mark deleted [
70 silly reify   '/home/mike__2099/Documents/GitHub/e-Portfolio-2025/portfolio2/node_modules/@unrs/resolver-binding-linux-arm64-gnu'
70 silly reify ]
71 verbose reify failed optional dependency /home/mike__2099/Documents/GitHub/e-Portfolio-2025/portfolio2/node_modules/@unrs/resolver-binding-linux-arm-musleabihf
72 silly reify mark deleted [
72 silly reify   '/home/mike__2099/Documents/GitHub/e-Portfolio-2025/portfolio2/node_modules/@unrs/resolver-binding-linux-arm-musleabihf'
72 silly reify ]
73 verbose reify failed optional dependency /home/mike__2099/Documents/GitHub/e-Portfolio-2025/portfolio2/node_modules/@unrs/resolver-binding-linux-arm-gnueabihf
74 silly reify mark deleted [
74 silly reify   '/home/mike__2099/Documents/GitHub/e-Portfolio-2025/portfolio2/node_modules/@unrs/resolver-binding-linux-arm-gnueabihf'
74 silly reify ]
75 verbose reify failed optional dependency /home/mike__2099/Documents/GitHub/e-Portfolio-2025/portfolio2/node_modules/@unrs/resolver-binding-freebsd-x64
76 silly reify mark deleted [
76 silly reify   '/home/mike__2099/Documents/GitHub/e-Portfolio-2025/portfolio2/node_modules/@unrs/resolver-binding-freebsd-x64'
76 silly reify ]
77 verbose reify failed optional dependency /home/mike__2099/Documents/GitHub/e-Portfolio-2025/portfolio2/node_modules/@unrs/resolver-binding-darwin-x64
78 silly reify mark deleted [
78 silly reify   '/home/mike__2099/Documents/GitHub/e-Portfolio-2025/portfolio2/node_modules/@unrs/resolver-binding-darwin-x64'
78 silly reify ]
79 verbose reify failed optional dependency /home/mike__2099/Documents/GitHub/e-Portfolio-2025/portfolio2/node_modules/@unrs/resolver-binding-darwin-arm64
80 silly reify mark deleted [
80 silly reify   '/home/mike__2099/Documents/GitHub/e-Portfolio-2025/portfolio2/node_modules/@unrs/resolver-binding-darwin-arm64'
80 silly reify ]
81 verbose reify failed optional dependency /home/mike__2099/Documents/GitHub/e-Portfolio-2025/portfolio2/node_modules/@unrs/resolver-binding-android-arm64
82 silly reify mark deleted [
82 silly reify   '/home/mike__2099/Documents/GitHub/e-Portfolio-2025/portfolio2/node_modules/@unrs/resolver-binding-android-arm64'
82 silly reify ]
83 verbose reify failed optional dependency /home/mike__2099/Documents/GitHub/e-Portfolio-2025/portfolio2/node_modules/@unrs/resolver-binding-android-arm-eabi
84 silly reify mark deleted [
84 silly reify   '/home/mike__2099/Documents/GitHub/e-Portfolio-2025/portfolio2/node_modules/@unrs/resolver-binding-android-arm-eabi'
84 silly reify ]
85 verbose reify failed optional dependency /home/mike__2099/Documents/GitHub/e-Portfolio-2025/portfolio2/node_modules/@next/swc-win32-x64-msvc
86 silly reify mark deleted [
86 silly reify   '/home/mike__2099/Documents/GitHub/e-Portfolio-2025/portfolio2/node_modules/@next/swc-win32-x64-msvc'
86 silly reify ]
87 verbose reify failed optional dependency /home/mike__2099/Documents/GitHub/e-Portfolio-2025/portfolio2/node_modules/@next/swc-win32-arm64-msvc
88 silly reify mark deleted [
88 silly reify   '/home/mike__2099/Documents/GitHub/e-Portfolio-2025/portfolio2/node_modules/@next/swc-win32-arm64-msvc'
88 silly reify ]
89 verbose reify failed optional dependency /home/mike__2099/Documents/GitHub/e-Portfolio-2025/portfolio2/node_modules/@next/swc-linux-arm64-musl
90 silly reify mark deleted [
90 silly reify   '/home/mike__2099/Documents/GitHub/e-Portfolio-2025/portfolio2/node_modules/@next/swc-linux-arm64-musl'
90 silly reify ]
91 verbose reify failed optional dependency /home/mike__2099/Documents/GitHub/e-Portfolio-2025/portfolio2/node_modules/@next/swc-linux-arm64-gnu
92 silly reify mark deleted [
92 silly reify   '/home/mike__2099/Documents/GitHub/e-Portfolio-2025/portfolio2/node_modules/@next/swc-linux-arm64-gnu'
92 silly reify ]
93 verbose reify failed optional dependency /home/mike__2099/Documents/GitHub/e-Portfolio-2025/portfolio2/node_modules/@next/swc-darwin-x64
94 silly reify mark deleted [
94 silly reify   '/home/mike__2099/Documents/GitHub/e-Portfolio-2025/portfolio2/node_modules/@next/swc-darwin-x64'
94 silly reify ]
95 verbose reify failed optional dependency /home/mike__2099/Documents/GitHub/e-Portfolio-2025/portfolio2/node_modules/@next/swc-darwin-arm64
96 silly reify mark deleted [
96 silly reify   '/home/mike__2099/Documents/GitHub/e-Portfolio-2025/portfolio2/node_modules/@next/swc-darwin-arm64'
96 silly reify ]
97 verbose reify failed optional dependency /home/mike__2099/Documents/GitHub/e-Portfolio-2025/portfolio2/node_modules/@img/sharp-win32-x64
98 silly reify mark deleted [
98 silly reify   '/home/mike__2099/Documents/GitHub/e-Portfolio-2025/portfolio2/node_modules/@img/sharp-win32-x64'
98 silly reify ]
99 verbose reify failed optional dependency /home/mike__2099/Documents/GitHub/e-Portfolio-2025/portfolio2/node_modules/@img/sharp-win32-ia32
100 silly reify mark deleted [
100 silly reify   '/home/mike__2099/Documents/GitHub/e-Portfolio-2025/portfolio2/node_modules/@img/sharp-win32-ia32'
100 silly reify ]
101 verbose reify failed optional dependency /home/mike__2099/Documents/GitHub/e-Portfolio-2025/portfolio2/node_modules/@img/sharp-win32-arm64
102 silly reify mark deleted [
102 silly reify   '/home/mike__2099/Documents/GitHub/e-Portfolio-2025/portfolio2/node_modules/@img/sharp-win32-arm64'
102 silly reify ]
103 verbose reify failed optional dependency /home/mike__2099/Documents/GitHub/e-Portfolio-2025/portfolio2/node_modules/@img/sharp-wasm32
104 silly reify mark deleted [
104 silly reify   '/home/mike__2099/Documents/GitHub/e-Portfolio-2025/portfolio2/node_modules/@img/sharp-wasm32'
104 silly reify ]
105 verbose reify failed optional dependency /home/mike__2099/Documents/GitHub/e-Portfolio-2025/portfolio2/node_modules/@img/sharp-linuxmusl-arm64
106 silly reify mark deleted [
106 silly reify   '/home/mike__2099/Documents/GitHub/e-Portfolio-2025/portfolio2/node_modules/@img/sharp-linuxmusl-arm64'
106 silly reify ]
107 verbose reify failed optional dependency /home/mike__2099/Documents/GitHub/e-Portfolio-2025/portfolio2/node_modules/@img/sharp-linux-s390x
108 silly reify mark deleted [
108 silly reify   '/home/mike__2099/Documents/GitHub/e-Portfolio-2025/portfolio2/node_modules/@img/sharp-linux-s390x'
108 silly reify ]
109 verbose reify failed optional dependency /home/mike__2099/Documents/GitHub/e-Portfolio-2025/portfolio2/node_modules/@img/sharp-linux-riscv64
110 silly reify mark deleted [
110 silly reify   '/home/mike__2099/Documents/GitHub/e-Portfolio-2025/portfolio2/node_modules/@img/sharp-linux-riscv64'
110 silly reify ]
111 verbose reify failed optional dependency /home/mike__2099/Documents/GitHub/e-Portfolio-2025/portfolio2/node_modules/@img/sharp-linux-ppc64
112 silly reify mark deleted [
112 silly reify   '/home/mike__2099/Documents/GitHub/e-Portfolio-2025/portfolio2/node_modules/@img/sharp-linux-ppc64'
112 silly reify ]
113 verbose reify failed optional dependency /home/mike__2099/Documents/GitHub/e-Portfolio-2025/portfolio2/node_modules/@img/sharp-linux-arm64
114 silly reify mark deleted [
114 silly reify   '/home/mike__2099/Documents/GitHub/e-Portfolio-2025/portfolio2/node_modules/@img/sharp-linux-arm64'
114 silly reify ]
115 verbose reify failed optional dependency /home/mike__2099/Documents/GitHub/e-Portfolio-2025/portfolio2/node_modules/@img/sharp-linux-arm
116 silly reify mark deleted [
116 silly reify   '/home/mike__2099/Documents/GitHub/e-Portfolio-2025/portfolio2/node_modules/@img/sharp-linux-arm'
116 silly reify ]
117 verbose reify failed optional dependency /home/mike__2099/Documents/GitHub/e-Portfolio-2025/portfolio2/node_modules/@img/sharp-libvips-linuxmusl-arm64
118 silly reify mark deleted [
118 silly reify   '/home/mike__2099/Documents/GitHub/e-Portfolio-2025/portfolio2/node_modules/@img/sharp-libvips-linuxmusl-arm64'
118 silly reify ]
119 verbose reify failed optional dependency /home/mike__2099/Documents/GitHub/e-Portfolio-2025/portfolio2/node_modules/@img/sharp-libvips-linux-s390x
120 silly reify mark deleted [
120 silly reify   '/home/mike__2099/Documents/GitHub/e-Portfolio-2025/portfolio2/node_modules/@img/sharp-libvips-linux-s390x'
120 silly reify ]
121 verbose reify failed optional dependency /home/mike__2099/Documents/GitHub/e-Portfolio-2025/portfolio2/node_modules/@img/sharp-libvips-linux-riscv64
122 silly reify mark deleted [
122 silly reify   '/home/mike__2099/Documents/GitHub/e-Portfolio-2025/portfolio2/node_modules/@img/sharp-libvips-linux-riscv64'
122 silly reify ]
123 verbose reify failed optional dependency /home/mike__2099/Documents/GitHub/e-Portfolio-2025/portfolio2/node_modules/@img/sharp-libvips-linux-ppc64
124 silly reify mark deleted [
124 silly reify   '/home/mike__2099/Documents/GitHub/e-Portfolio-2025/portfolio2/node_modules/@img/sharp-libvips-linux-ppc64'
124 silly reify ]
125 verbose reify failed optional dependency /home/mike__2099/Documents/GitHub/e-Portfolio-2025/portfolio2/node_modules/@img/sharp-libvips-linux-arm64
126 silly reify mark deleted [
126 silly reify   '/home/mike__2099/Documents/GitHub/e-Portfolio-2025/portfolio2/node_modules/@img/sharp-libvips-linux-arm64'
126 silly reify ]
127 verbose reify failed optional dependency /home/mike__2099/Documents/GitHub/e-Portfolio-2025/portfolio2/node_modules/@img/sharp-libvips-linux-arm
128 silly reify mark deleted [
128 silly reify   '/home/mike__2099/Documents/GitHub/e-Portfolio-2025/portfolio2/node_modules/@img/sharp-libvips-linux-arm'
128 silly reify ]
129 verbose reify failed optional dependency /home/mike__2099/Documents/GitHub/e-Portfolio-2025/portfolio2/node_modules/@img/sharp-libvips-darwin-x64
130 silly reify mark deleted [
130 silly reify   '/home/mike__2099/Documents/GitHub/e-Portfolio-2025/portfolio2/node_modules/@img/sharp-libvips-darwin-x64'
130 silly reify ]
131 verbose reify failed optional dependency /home/mike__2099/Documents/GitHub/e-Portfolio-2025/portfolio2/node_modules/@img/sharp-libvips-darwin-arm64
132 silly reify mark deleted [
132 silly reify   '/home/mike__2099/Documents/GitHub/e-Portfolio-2025/portfolio2/node_modules/@img/sharp-libvips-darwin-arm64'
132 silly reify ]
133 verbose reify failed optional dependency /home/mike__2099/Documents/GitHub/e-Portfolio-2025/portfolio2/node_modules/@img/sharp-darwin-x64
134 silly reify mark deleted [
134 silly reify   '/home/mike__2099/Documents/GitHub/e-Portfolio-2025/portfolio2/node_modules/@img/sharp-darwin-x64'
134 silly reify ]
135 verbose reify failed optional dependency /home/mike__2099/Documents/GitHub/e-Portfolio-2025/portfolio2/node_modules/@img/sharp-darwin-arm64
136 silly reify mark deleted [
136 silly reify   '/home/mike__2099/Documents/GitHub/e-Portfolio-2025/portfolio2/node_modules/@img/sharp-darwin-arm64'
136 silly reify ]
137 verbose reify failed optional dependency /home/mike__2099/Documents/GitHub/e-Portfolio-2025/portfolio2/node_modules/@esbuild/win32-x64
138 silly reify mark deleted [
138 silly reify   '/home/mike__2099/Documents/GitHub/e-Portfolio-2025/portfolio2/node_modules/@esbuild/win32-x64'
138 silly reify ]
139 verbose reify failed optional dependency /home/mike__2099/Documents/GitHub/e-Portfolio-2025/portfolio2/node_modules/@esbuild/win32-ia32
140 silly reify mark deleted [
140 silly reify   '/home/mike__2099/Documents/GitHub/e-Portfolio-2025/portfolio2/node_modules/@esbuild/win32-ia32'
140 silly reify ]
141 verbose reify failed optional dependency /home/mike__2099/Documents/GitHub/e-Portfolio-2025/portfolio2/node_modules/@esbuild/win32-arm64
142 silly reify mark deleted [
142 silly reify   '/home/mike__2099/Documents/GitHub/e-Portfolio-2025/portfolio2/node_modules/@esbuild/win32-arm64'
142 silly reify ]
143 verbose reify failed optional dependency /home/mike__2099/Documents/GitHub/e-Portfolio-2025/portfolio2/node_modules/@esbuild/sunos-x64
144 silly reify mark deleted [
144 silly reify   '/home/mike__2099/Documents/GitHub/e-Portfolio-2025/portfolio2/node_modules/@esbuild/sunos-x64'
144 silly reify ]
145 verbose reify failed optional dependency /home/mike__2099/Documents/GitHub/e-Portfolio-2025/portfolio2/node_modules/@esbuild/openharmony-arm64
146 silly reify mark deleted [
146 silly reify   '/home/mike__2099/Documents/GitHub/e-Portfolio-2025/portfolio2/node_modules/@esbuild/openharmony-arm64'
146 silly reify ]
147 verbose reify failed optional dependency /home/mike__2099/Documents/GitHub/e-Portfolio-2025/portfolio2/node_modules/@esbuild/openbsd-x64
148 silly reify mark deleted [
148 silly reify   '/home/mike__2099/Documents/GitHub/e-Portfolio-2025/portfolio2/node_modules/@esbuild/openbsd-x64'
148 silly reify ]
149 verbose reify failed optional dependency /home/mike__2099/Documents/GitHub/e-Portfolio-2025/portfolio2/node_modules/@esbuild/openbsd-arm64
150 silly reify mark deleted [
150 silly reify   '/home/mike__2099/Documents/GitHub/e-Portfolio-2025/portfolio2/node_modules/@esbuild/openbsd-arm64'
150 silly reify ]
151 verbose reify failed optional dependency /home/mike__2099/Documents/GitHub/e-Portfolio-2025/portfolio2/node_modules/@esbuild/netbsd-x64
152 silly reify mark deleted [
152 silly reify   '/home/mike__2099/Documents/GitHub/e-Portfolio-2025/portfolio2/node_modules/@esbuild/netbsd-x64'
152 silly reify ]
153 verbose reify failed optional dependency /home/mike__2099/Documents/GitHub/e-Portfolio-2025/portfolio2/node_modules/@esbuild/netbsd-arm64
154 silly reify mark deleted [
154 silly reify   '/home/mike__2099/Documents/GitHub/e-Portfolio-2025/portfolio2/node_modules/@esbuild/netbsd-arm64'
154 silly reify ]
155 verbose reify failed optional dependency /home/mike__2099/Documents/GitHub/e-Portfolio-2025/portfolio2/node_modules/@esbuild/linux-s390x
156 silly reify mark deleted [
156 silly reify   '/home/mike__2099/Documents/GitHub/e-Portfolio-2025/portfolio2/node_modules/@esbuild/linux-s390x'
156 silly reify ]
157 verbose reify failed optional dependency /home/mike__2099/Documents/GitHub/e-Portfolio-2025/portfolio2/node_modules/@esbuild/linux-riscv64
158 silly reify mark deleted [
158 silly reify   '/home/mike__2099/Documents/GitHub/e-Portfolio-2025/portfolio2/node_modules/@esbuild/linux-riscv64'
158 silly reify ]
159 verbose reify failed optional dependency /home/mike__2099/Documents/GitHub/e-Portfolio-2025/portfolio2/node_modules/@esbuild/linux-ppc64
160 silly reify mark deleted [
160 silly reify   '/home/mike__2099/Documents/GitHub/e-Portfolio-2025/portfolio2/node_modules/@esbuild/linux-ppc64'
160 silly reify ]
161 verbose reify failed optional dependency /home/mike__2099/Documents/GitHub/e-Portfolio-2025/portfolio2/node_modules/@esbuild/linux-mips64el
162 silly reify mark deleted [
162 silly reify   '/home/mike__2099/Documents/GitHub/e-Portfolio-2025/portfolio2/node_modules/@esbuild/linux-mips64el'
162 silly reify ]
163 verbose reify failed optional dependency /home/mike__2099/Documents/GitHub/e-Portfolio-2025/portfolio2/node_modules/@esbuild/linux-loong64
164 silly reify mark deleted [
164 silly reify   '/home/mike__2099/Documents/GitHub/e-Portfolio-2025/portfolio2/node_modules/@esbuild/linux-loong64'
164 silly reify ]
165 verbose reify failed optional dependency /home/mike__2099/Documents/GitHub/e-Portfolio-2025/portfolio2/node_modules/@esbuild/linux-ia32
166 silly reify mark deleted [
166 silly reify   '/home/mike__2099/Documents/GitHub/e-Portfolio-2025/portfolio2/node_modules/@esbuild/linux-ia32'
166 silly reify ]
167 verbose reify failed optional dependency /home/mike__2099/Documents/GitHub/e-Portfolio-2025/portfolio2/node_modules/@esbuild/linux-arm64
168 silly reify mark deleted [
168 silly reify   '/home/mike__2099/Documents/GitHub/e-Portfolio-2025/portfolio2/node_modules/@esbuild/linux-arm64'
168 silly reify ]
169 verbose reify failed optional dependency /home/mike__2099/Documents/GitHub/e-Portfolio-2025/portfolio2/node_modules/@esbuild/linux-arm
170 silly reify mark deleted [
170 silly reify   '/home/mike__2099/Documents/GitHub/e-Portfolio-2025/portfolio2/node_modules/@esbuild/linux-arm'
170 silly reify ]
171 verbose reify failed optional dependency /home/mike__2099/Documents/GitHub/e-Portfolio-2025/portfolio2/node_modules/@esbuild/freebsd-x64
172 silly reify mark deleted [
172 silly reify   '/home/mike__2099/Documents/GitHub/e-Portfolio-2025/portfolio2/node_modules/@esbuild/freebsd-x64'
172 silly reify ]
173 verbose reify failed optional dependency /home/mike__2099/Documents/GitHub/e-Portfolio-2025/portfolio2/node_modules/@esbuild/freebsd-arm64
174 silly reify mark deleted [
174 silly reify   '/home/mike__2099/Documents/GitHub/e-Portfolio-2025/portfolio2/node_modules/@esbuild/freebsd-arm64'
174 silly reify ]
175 verbose reify failed optional dependency /home/mike__2099/Documents/GitHub/e-Portfolio-2025/portfolio2/node_modules/@esbuild/darwin-x64
176 silly reify mark deleted [
176 silly reify   '/home/mike__2099/Documents/GitHub/e-Portfolio-2025/portfolio2/node_modules/@esbuild/darwin-x64'
176 silly reify ]
177 verbose reify failed optional dependency /home/mike__2099/Documents/GitHub/e-Portfolio-2025/portfolio2/node_modules/@esbuild/darwin-arm64
178 silly reify mark deleted [
178 silly reify   '/home/mike__2099/Documents/GitHub/e-Portfolio-2025/portfolio2/node_modules/@esbuild/darwin-arm64'
178 silly reify ]
179 verbose reify failed optional dependency /home/mike__2099/Documents/GitHub/e-Portfolio-2025/portfolio2/node_modules/@esbuild/android-x64
180 silly reify mark deleted [
180 silly reify   '/home/mike__2099/Documents/GitHub/e-Portfolio-2025/portfolio2/node_modules/@esbuild/android-x64'
180 silly reify ]
181 verbose reify failed optional dependency /home/mike__2099/Documents/GitHub/e-Portfolio-2025/portfolio2/node_modules/@esbuild/android-arm64
182 silly reify mark deleted [
182 silly reify   '/home/mike__2099/Documents/GitHub/e-Portfolio-2025/portfolio2/node_modules/@esbuild/android-arm64'
182 silly reify ]
183 verbose reify failed optional dependency /home/mike__2099/Documents/GitHub/e-Portfolio-2025/portfolio2/node_modules/@esbuild/android-arm
184 silly reify mark deleted [
184 silly reify   '/home/mike__2099/Documents/GitHub/e-Portfolio-2025/portfolio2/node_modules/@esbuild/android-arm'
184 silly reify ]
185 verbose reify failed optional dependency /home/mike__2099/Documents/GitHub/e-Portfolio-2025/portfolio2/node_modules/@esbuild/aix-ppc64
186 silly reify mark deleted [
186 silly reify   '/home/mike__2099/Documents/GitHub/e-Portfolio-2025/portfolio2/node_modules/@esbuild/aix-ppc64'
186 silly reify ]
187 http cache @tybys/wasm-util@https://registry.npmjs.org/@tybys/wasm-util/-/wasm-util-0.10.1.tgz 0ms (cache hit)
188 http cache @emnapi/wasi-threads@https://registry.npmjs.org/@emnapi/wasi-threads/-/wasi-threads-1.1.0.tgz 0ms (cache hit)
189 http cache @emnapi/core@https://registry.npmjs.org/@emnapi/core/-/core-1.7.1.tgz 0ms (cache hit)
190 http cache @napi-rs/wasm-runtime@https://registry.npmjs.org/@napi-rs/wasm-runtime/-/wasm-runtime-0.2.12.tgz 0ms (cache hit)
191 http fetch POST 200 https://registry.npmjs.org/-/npm/v1/security/advisories/bulk 132ms
192 silly audit report {}
193 silly ADD
194 silly ADD
195 silly ADD
196 silly ADD
197 silly ADD
198 silly ADD
199 silly ADD
200 silly ADD
201 silly ADD
202 silly ADD
203 silly ADD
204 silly ADD
205 silly ADD
206 silly ADD
207 silly ADD
208 silly ADD
209 silly ADD
210 silly ADD
211 silly ADD
212 silly ADD
213 silly ADD
214 silly ADD
215 silly ADD
216 silly ADD
217 silly ADD
218 silly ADD
219 silly ADD
220 silly ADD
221 silly ADD
222 silly ADD
223 silly ADD
224 silly ADD
225 silly ADD
226 silly ADD
227 silly ADD
228 silly ADD
229 silly ADD
230 silly ADD
231 silly ADD
232 silly ADD
233 silly ADD
234 silly ADD
235 silly ADD
236 silly ADD
237 silly ADD
238 silly ADD
239 silly ADD
240 silly ADD
241 silly ADD
242 silly ADD
243 silly ADD
244 silly ADD
245 silly ADD
246 silly ADD
247 silly ADD
248 silly ADD
249 silly ADD
250 silly ADD
251 silly ADD
252 silly ADD
253 silly ADD
254 silly ADD
255 silly ADD
256 silly ADD
257 silly ADD
258 silly ADD
259 silly ADD
260 silly ADD
261 silly ADD
262 silly ADD
263 silly ADD
264 silly ADD
265 silly ADD
266 verbose cwd /home/mike__2099/Documents/GitHub/e-Portfolio-2025/portfolio2
267 verbose os Linux 6.14.0-37-generic
268 verbose node v22.21.0
269 verbose npm  v10.9.4
270 verbose exit 0
271 info ok
