0 verbose cli /home/mike__2099/.nvm/versions/node/v22.21.0/bin/node /home/mike__2099/.nvm/versions/node/v22.21.0/bin/npm
1 info using npm@10.9.4
2 info using node@v22.21.0
3 silly config load:file:/home/mike__2099/.nvm/versions/node/v22.21.0/lib/node_modules/npm/npmrc
4 silly config load:file:/home/mike__2099/Documents/GitHub/e-Portfolio-2025/portfolio2/.npmrc
5 silly config load:file:/home/mike__2099/.npmrc
6 silly config load:file:/home/mike__2099/.nvm/versions/node/v22.21.0/etc/npmrc
7 verbose title npm view @types/react-dom@^18.2.0 || 19.0.0-rc-de68d2f4-20241204 || ^19.0.0 version
8 verbose argv "--loglevel" "silent" "view" "@types/react-dom@^18.2.0 || 19.0.0-rc-de68d2f4-20241204 || ^19.0.0" "--json" "--field" "version"
9 verbose logfile logs-max:10 dir:/home/mike__2099/Documents/GitHub/e-Portfolio-2025/portfolio2/.npm-cache/_logs/2025-12-14T13_40_27_788Z-
10 verbose logfile /home/mike__2099/Documents/GitHub/e-Portfolio-2025/portfolio2/.npm-cache/_logs/2025-12-14T13_40_27_788Z-debug-0.log
11 silly logfile start cleaning logs, removing 1 files
12 silly logfile done cleaning log files
13 http fetch GET 200 https://registry.npmjs.org/@types%2freact-dom 155ms (cache revalidated)
14 verbose cwd /home/mike__2099/Documents/GitHub/e-Portfolio-2025/portfolio2
15 verbose os Linux 6.14.0-37-generic
16 verbose node v22.21.0
17 verbose npm  v10.9.4
18 verbose exit 0
19 info ok
