0 verbose cli /home/mike__2099/.nvm/versions/node/v22.21.0/bin/node /home/mike__2099/.nvm/versions/node/v22.21.0/bin/npm
1 info using npm@10.9.4
2 info using node@v22.21.0
3 silly config load:file:/home/mike__2099/.nvm/versions/node/v22.21.0/lib/node_modules/npm/npmrc
4 silly config load:file:/home/mike__2099/Documents/GitHub/e-Portfolio-2025/portfolio2/.npmrc
5 silly config load:file:/home/mike__2099/.npmrc
6 silly config load:file:/home/mike__2099/.nvm/versions/node/v22.21.0/etc/npmrc
7 verbose title npm view next@latest version
8 verbose argv "--loglevel" "silent" "view" "next@latest" "--json" "--field" "version"
9 verbose logfile logs-max:10 dir:/home/mike__2099/Documents/GitHub/e-Portfolio-2025/portfolio2/.npm-cache/_logs/2025-12-14T13_39_07_910Z-
10 verbose logfile /home/mike__2099/Documents/GitHub/e-Portfolio-2025/portfolio2/.npm-cache/_logs/2025-12-14T13_39_07_910Z-debug-0.log
11 silly logfile start cleaning logs, removing 1 files
12 silly logfile done cleaning log files
13 http fetch GET 200 https://registry.npmjs.org/next 347ms (cache revalidated)
14 verbose cwd /home/mike__2099/Documents/GitHub/e-Portfolio-2025/portfolio2
15 verbose os Linux 6.14.0-37-generic
16 verbose node v22.21.0
17 verbose npm  v10.9.4
18 verbose exit 0
19 info ok
