0 verbose cli /usr/bin/node /usr/bin/npm
1 info using npm@11.6.2
2 info using node@v24.13.0
3 silly config load:file:/usr/lib/node_modules/npm/npmrc
4 silly config load:file:/home/mike__2099/Documents/GitHub/e-Portfolio-2025/portfolio2/.npmrc
5 silly config load:file:/home/mike__2099/.npmrc
6 silly config load:file:/home/mike__2099/.npm-global/etc/npmrc
7 verbose title npm install @emailjs/browser
8 verbose argv "install" "@emailjs/browser"
9 verbose logfile logs-max:10 dir:/home/mike__2099/Documents/GitHub/e-Portfolio-2025/portfolio2/.npm-cache/_logs/2026-01-31T11_14_02_745Z-
10 verbose logfile /home/mike__2099/Documents/GitHub/e-Portfolio-2025/portfolio2/.npm-cache/_logs/2026-01-31T11_14_02_745Z-debug-0.log
11 silly logfile start cleaning logs, removing 1 files
12 silly packumentCache heap:2348810240 maxSize:587202560 maxEntrySize:293601280
13 silly logfile done cleaning log files
14 verbose shrinkwrap failed to load node_modules/.package-lock.json out of date, updated: node_modules
15 silly idealTree buildDeps
16 silly fetch manifest @emailjs/browser@^4.4.1
17 silly packumentCache full:https://registry.npmjs.org/@emailjs%2fbrowser cache-miss
18 http fetch GET 200 https://registry.npmjs.org/@emailjs%2fbrowser 719ms (cache revalidated)
19 silly packumentCache full:https://registry.npmjs.org/@emailjs%2fbrowser set size:78103 disposed:false
20 silly placeDep ROOT @emailjs/browser@4.4.1 REPLACE for: portfolio2@0.1.0 want: ^4.4.1
21 silly reify moves {}
22 silly audit bulk request {
22 silly audit   '@babel/code-frame': [ '7.27.1' ],
22 silly audit   '@babel/compat-data': [ '7.28.5' ],
22 silly audit   '@babel/core': [ '7.28.5' ],
22 silly audit   json5: [ '2.2.3', '1.0.2' ],
22 silly audit   semver: [ '6.3.1', '7.7.3' ],
22 silly audit   '@babel/generator': [ '7.28.5' ],
22 silly audit   '@babel/helper-compilation-targets': [ '7.27.2' ],
22 silly audit   '@babel/helper-globals': [ '7.28.0' ],
22 silly audit   '@babel/helper-module-imports': [ '7.27.1' ],
22 silly audit   '@babel/helper-module-transforms': [ '7.28.3' ],
22 silly audit   '@babel/helper-string-parser': [ '7.27.1' ],
22 silly audit   '@babel/helper-validator-identifier': [ '7.28.5' ],
22 silly audit   '@babel/helper-validator-option': [ '7.27.1' ],
22 silly audit   '@babel/helpers': [ '7.28.4' ],
22 silly audit   '@babel/parser': [ '7.28.5' ],
22 silly audit   '@babel/runtime': [ '7.28.4' ],
22 silly audit   '@babel/template': [ '7.27.2' ],
22 silly audit   '@babel/traverse': [ '7.28.5' ],
22 silly audit   '@babel/types': [ '7.28.5' ],
22 silly audit   '@emnapi/core': [ '1.7.1' ],
22 silly audit   '@emnapi/runtime': [ '1.7.1' ],
22 silly audit   '@emnapi/wasi-threads': [ '1.1.0' ],
22 silly audit   '@emotion/babel-plugin': [ '11.13.5' ],
22 silly audit   'convert-source-map': [ '1.9.0', '2.0.0' ],
22 silly audit   '@emotion/cache': [ '11.14.0' ],
22 silly audit   '@emotion/hash': [ '0.9.2' ],
22 silly audit   '@emotion/is-prop-valid': [ '1.4.0' ],
22 silly audit   '@emotion/memoize': [ '0.9.0' ],
22 silly audit   '@emotion/react': [ '11.14.0' ],
22 silly audit   '@emotion/serialize': [ '1.3.3' ],
22 silly audit   '@emotion/sheet': [ '1.4.0' ],
22 silly audit   '@emotion/styled': [ '11.14.1' ],
22 silly audit   '@emotion/unitless': [ '0.10.0' ],
22 silly audit   '@emotion/use-insertion-effect-with-fallbacks': [ '1.2.0' ],
22 silly audit   '@emotion/utils': [ '1.4.2' ],
22 silly audit   '@emotion/weak-memoize': [ '0.4.0' ],
22 silly audit   '@esbuild/aix-ppc64': [ '0.27.1' ],
22 silly audit   '@esbuild/android-arm': [ '0.27.1' ],
22 silly audit   '@esbuild/android-arm64': [ '0.27.1' ],
22 silly audit   '@esbuild/android-x64': [ '0.27.1' ],
22 silly audit   '@esbuild/darwin-arm64': [ '0.27.1' ],
22 silly audit   '@esbuild/darwin-x64': [ '0.27.1' ],
22 silly audit   '@esbuild/freebsd-arm64': [ '0.27.1' ],
22 silly audit   '@esbuild/freebsd-x64': [ '0.27.1' ],
22 silly audit   '@esbuild/linux-arm': [ '0.27.1' ],
22 silly audit   '@esbuild/linux-arm64': [ '0.27.1' ],
22 silly audit   '@esbuild/linux-ia32': [ '0.27.1' ],
22 silly audit   '@esbuild/linux-loong64': [ '0.27.1' ],
22 silly audit   '@esbuild/linux-mips64el': [ '0.27.1' ],
22 silly audit   '@esbuild/linux-ppc64': [ '0.27.1' ],
22 silly audit   '@esbuild/linux-riscv64': [ '0.27.1' ],
22 silly audit   '@esbuild/linux-s390x': [ '0.27.1' ],
22 silly audit   '@esbuild/linux-x64': [ '0.27.1' ],
22 silly audit   '@esbuild/netbsd-arm64': [ '0.27.1' ],
22 silly audit   '@esbuild/netbsd-x64': [ '0.27.1' ],
22 silly audit   '@esbuild/openbsd-arm64': [ '0.27.1' ],
22 silly audit   '@esbuild/openbsd-x64': [ '0.27.1' ],
22 silly audit   '@esbuild/openharmony-arm64': [ '0.27.1' ],
22 silly audit   '@esbuild/sunos-x64': [ '0.27.1' ],
22 silly audit   '@esbuild/win32-arm64': [ '0.27.1' ],
22 silly audit   '@esbuild/win32-ia32': [ '0.27.1' ],
22 silly audit   '@esbuild/win32-x64': [ '0.27.1' ],
22 silly audit   '@eslint-community/eslint-utils': [ '4.9.0' ],
22 silly audit   'eslint-visitor-keys': [ '3.4.3', '4.2.1' ],
22 silly audit   '@eslint-community/regexpp': [ '4.12.2' ],
22 silly audit   '@eslint/config-array': [ '0.21.1' ],
22 silly audit   '@eslint/config-helpers': [ '0.4.2' ],
22 silly audit   '@eslint/core': [ '0.17.0' ],
22 silly audit   '@eslint/eslintrc': [ '3.3.3' ],
22 silly audit   '@eslint/js': [ '9.39.2' ],
22 silly audit   '@eslint/object-schema': [ '2.1.7' ],
22 silly audit   '@eslint/plugin-kit': [ '0.4.1' ],
22 silly audit   '@humanfs/core': [ '0.19.1' ],
22 silly audit   '@humanfs/node': [ '0.16.7' ],
22 silly audit   '@humanwhocodes/module-importer': [ '1.0.1' ],
22 silly audit   '@humanwhocodes/retry': [ '0.4.3' ],
22 silly audit   '@img/colour': [ '1.0.0' ],
22 silly audit   '@img/sharp-darwin-arm64': [ '0.34.5' ],
22 silly audit   '@img/sharp-darwin-x64': [ '0.34.5' ],
22 silly audit   '@img/sharp-libvips-darwin-arm64': [ '1.2.4' ],
22 silly audit   '@img/sharp-libvips-darwin-x64': [ '1.2.4' ],
22 silly audit   '@img/sharp-libvips-linux-arm': [ '1.2.4' ],
22 silly audit   '@img/sharp-libvips-linux-arm64': [ '1.2.4' ],
22 silly audit   '@img/sharp-libvips-linux-ppc64': [ '1.2.4' ],
22 silly audit   '@img/sharp-libvips-linux-riscv64': [ '1.2.4' ],
22 silly audit   '@img/sharp-libvips-linux-s390x': [ '1.2.4' ],
22 silly audit   '@img/sharp-libvips-linux-x64': [ '1.2.4' ],
22 silly audit   '@img/sharp-libvips-linuxmusl-arm64': [ '1.2.4' ],
22 silly audit   '@img/sharp-libvips-linuxmusl-x64': [ '1.2.4' ],
22 silly audit   '@img/sharp-linux-arm': [ '0.34.5' ],
22 silly audit   '@img/sharp-linux-arm64': [ '0.34.5' ],
22 silly audit   '@img/sharp-linux-ppc64': [ '0.34.5' ],
22 silly audit   '@img/sharp-linux-riscv64': [ '0.34.5' ],
22 silly audit   '@img/sharp-linux-s390x': [ '0.34.5' ],
22 silly audit   '@img/sharp-linux-x64': [ '0.34.5' ],
22 silly audit   '@img/sharp-linuxmusl-arm64': [ '0.34.5' ],
22 silly audit   '@img/sharp-linuxmusl-x64': [ '0.34.5' ],
22 silly audit   '@img/sharp-wasm32': [ '0.34.5' ],
22 silly audit   '@img/sharp-win32-arm64': [ '0.34.5' ],
22 silly audit   '@img/sharp-win32-ia32': [ '0.34.5' ],
22 silly audit   '@img/sharp-win32-x64': [ '0.34.5' ],
22 silly audit   '@jridgewell/gen-mapping': [ '0.3.13' ],
22 silly audit   '@jridgewell/remapping': [ '2.3.5' ],
22 silly audit   '@jridgewell/resolve-uri': [ '3.1.2' ],
22 silly audit   '@jridgewell/sourcemap-codec': [ '1.5.5' ],
22 silly audit   '@jridgewell/trace-mapping': [ '0.3.31' ],
22 silly audit   '@mui/core-downloads-tracker': [ '7.3.6' ],
22 silly audit   '@mui/icons-material': [ '7.3.6' ],
22 silly audit   '@mui/material': [ '7.3.6' ],
22 silly audit   '@mui/material-nextjs': [ '7.3.6' ],
22 silly audit   'react-is': [ '19.2.3', '16.13.1' ],
22 silly audit   '@mui/private-theming': [ '7.3.6' ],
22 silly audit   '@mui/styled-engine': [ '7.3.6' ],
22 silly audit   '@mui/system': [ '7.3.6' ],
22 silly audit   '@mui/types': [ '7.4.9' ],
22 silly audit   '@mui/utils': [ '7.3.6' ],
22 silly audit   '@napi-rs/wasm-runtime': [ '0.2.12' ],
22 silly audit   '@next/env': [ '16.1.1' ],
22 silly audit   '@next/eslint-plugin-next': [ '16.1.1' ],
22 silly audit   '@next/swc-darwin-arm64': [ '16.1.1' ],
22 silly audit   '@next/swc-darwin-x64': [ '16.1.1' ],
22 silly audit   '@next/swc-linux-arm64-gnu': [ '16.1.1' ],
22 silly audit   '@next/swc-linux-arm64-musl': [ '16.1.1' ],
22 silly audit   '@next/swc-linux-x64-gnu': [ '16.1.1' ],
22 silly audit   '@next/swc-linux-x64-musl': [ '16.1.1' ],
22 silly audit   '@next/swc-win32-arm64-msvc': [ '16.1.1' ],
22 silly audit   '@next/swc-win32-x64-msvc': [ '16.1.1' ],
22 silly audit   '@nodelib/fs.scandir': [ '2.1.5' ],
22 silly audit   '@nodelib/fs.stat': [ '2.0.5' ],
22 silly audit   '@nodelib/fs.walk': [ '1.2.8' ],
22 silly audit   '@nolyfill/is-core-module': [ '1.0.39' ],
22 silly audit   '@popperjs/core': [ '2.11.8' ],
22 silly audit   '@resvg/resvg-wasm': [ '2.4.0' ],
22 silly audit   '@rtsao/scc': [ '1.1.0' ],
22 silly audit   '@shuding/opentype.js': [ '1.4.0-beta.0' ],
22 silly audit   '@swc/helpers': [ '0.5.15' ],
22 silly audit   '@tybys/wasm-util': [ '0.10.1' ],
22 silly audit   '@types/estree': [ '1.0.8' ],
22 silly audit   '@types/json-schema': [ '7.0.15' ],
22 silly audit   '@types/json5': [ '0.0.29' ],
22 silly audit   '@types/node': [ '20.19.27' ],
22 silly audit   '@types/parse-json': [ '4.0.2' ],
22 silly audit   '@types/prop-types': [ '15.7.15' ],
22 silly audit   '@types/react': [ '19.2.7' ],
22 silly audit   '@types/react-dom': [ '19.2.3' ],
22 silly audit   '@types/react-transition-group': [ '4.4.12' ],
22 silly audit   '@typescript-eslint/eslint-plugin': [ '8.49.0' ],
22 silly audit   ignore: [ '7.0.5', '5.3.2' ],
22 silly audit   '@typescript-eslint/parser': [ '8.49.0' ],
22 silly audit   '@typescript-eslint/project-service': [ '8.49.0' ],
22 silly audit   '@typescript-eslint/scope-manager': [ '8.49.0' ],
22 silly audit   '@typescript-eslint/tsconfig-utils': [ '8.49.0' ],
22 silly audit   '@typescript-eslint/type-utils': [ '8.49.0' ],
22 silly audit   '@typescript-eslint/types': [ '8.49.0' ],
22 silly audit   '@typescript-eslint/typescript-estree': [ '8.49.0' ],
22 silly audit   'brace-expansion': [ '2.0.2', '1.1.12' ],
22 silly audit   minimatch: [ '9.0.5', '3.1.2' ],
22 silly audit   '@typescript-eslint/utils': [ '8.49.0' ],
22 silly audit   '@typescript-eslint/visitor-keys': [ '8.49.0' ],
22 silly audit   '@unrs/resolver-binding-android-arm-eabi': [ '1.11.1' ],
22 silly audit   '@unrs/resolver-binding-android-arm64': [ '1.11.1' ],
22 silly audit   '@unrs/resolver-binding-darwin-arm64': [ '1.11.1' ],
22 silly audit   '@unrs/resolver-binding-darwin-x64': [ '1.11.1' ],
22 silly audit   '@unrs/resolver-binding-freebsd-x64': [ '1.11.1' ],
22 silly audit   '@unrs/resolver-binding-linux-arm-gnueabihf': [ '1.11.1' ],
22 silly audit   '@unrs/resolver-binding-linux-arm-musleabihf': [ '1.11.1' ],
22 silly audit   '@unrs/resolver-binding-linux-arm64-gnu': [ '1.11.1' ],
22 silly audit   '@unrs/resolver-binding-linux-arm64-musl': [ '1.11.1' ],
22 silly audit   '@unrs/resolver-binding-linux-ppc64-gnu': [ '1.11.1' ],
22 silly audit   '@unrs/resolver-binding-linux-riscv64-gnu': [ '1.11.1' ],
22 silly audit   '@unrs/resolver-binding-linux-riscv64-musl': [ '1.11.1' ],
22 silly audit   '@unrs/resolver-binding-linux-s390x-gnu': [ '1.11.1' ],
22 silly audit   '@unrs/resolver-binding-linux-x64-gnu': [ '1.11.1' ],
22 silly audit   '@unrs/resolver-binding-linux-x64-musl': [ '1.11.1' ],
22 silly audit   '@unrs/resolver-binding-wasm32-wasi': [ '1.11.1' ],
22 silly audit   '@unrs/resolver-binding-win32-arm64-msvc': [ '1.11.1' ],
22 silly audit   '@unrs/resolver-binding-win32-ia32-msvc': [ '1.11.1' ],
22 silly audit   '@unrs/resolver-binding-win32-x64-msvc': [ '1.11.1' ],
22 silly audit   '@vercel/og': [ '0.8.6' ],
22 silly audit   acorn: [ '8.15.0' ],
22 silly audit   'acorn-jsx': [ '5.3.2' ],
22 silly audit   ajv: [ '6.12.6' ],
22 silly audit   'ansi-styles': [ '4.3.0' ],
22 silly audit   argparse: [ '2.0.1' ],
22 silly audit   'aria-query': [ '5.3.2' ],
22 silly audit   'array-buffer-byte-length': [ '1.0.2' ],
22 silly audit   'array-includes': [ '3.1.9' ],
22 silly audit   'array.prototype.findlast': [ '1.2.5' ],
22 silly audit   'array.prototype.findlastindex': [ '1.2.6' ],
22 silly audit   'array.prototype.flat': [ '1.3.3' ],
22 silly audit   'array.prototype.flatmap': [ '1.3.3' ],
22 silly audit   'array.prototype.tosorted': [ '1.1.4' ],
22 silly audit   'arraybuffer.prototype.slice': [ '1.0.4' ],
22 silly audit   'ast-types-flow': [ '0.0.8' ],
22 silly audit   'async-function': [ '1.0.0' ],
22 silly audit   'available-typed-arrays': [ '1.0.7' ],
22 silly audit   'axe-core': [ '4.11.0' ],
22 silly audit   'axobject-query': [ '4.1.0' ],
22 silly audit   'babel-plugin-macros': [ '3.1.0' ],
22 silly audit   'balanced-match': [ '1.0.2' ],
22 silly audit   'base64-js': [ '0.0.8' ],
22 silly audit   'baseline-browser-mapping': [ '2.9.7' ],
22 silly audit   braces: [ '3.0.3' ],
22 silly audit   browserslist: [ '4.28.1' ],
22 silly audit   'call-bind': [ '1.0.8' ],
22 silly audit   'call-bind-apply-helpers': [ '1.0.2' ],
22 silly audit   'call-bound': [ '1.0.4' ],
22 silly audit   callsites: [ '3.1.0' ],
22 silly audit   camelize: [ '1.0.1' ],
22 silly audit   'caniuse-lite': [ '1.0.30001760' ],
22 silly audit   chalk: [ '4.1.2' ],
22 silly audit   'client-only': [ '0.0.1' ],
22 silly audit   clsx: [ '2.1.1' ],
22 silly audit   'color-convert': [ '2.0.1' ],
22 silly audit   'color-name': [ '1.1.4' ],
22 silly audit   'concat-map': [ '0.0.1' ],
22 silly audit   cosmiconfig: [ '7.1.0' ],
22 silly audit   'cross-spawn': [ '7.0.6' ],
22 silly audit   'css-background-parser': [ '0.1.0' ],
22 silly audit   'css-box-shadow': [ '1.0.0-3' ],
22 silly audit   'css-color-keywords': [ '1.0.0' ],
22 silly audit   'css-gradient-parser': [ '0.0.16' ],
22 silly audit   'css-to-react-native': [ '3.2.0' ],
22 silly audit   csstype: [ '3.2.3' ],
22 silly audit   'damerau-levenshtein': [ '1.0.8' ],
22 silly audit   'data-view-buffer': [ '1.0.2' ],
22 silly audit   'data-view-byte-length': [ '1.0.2' ],
22 silly audit   'data-view-byte-offset': [ '1.0.1' ],
22 silly audit   debug: [ '4.4.3', '3.2.7' ],
22 silly audit   'deep-is': [ '0.1.4' ],
22 silly audit   'define-data-property': [ '1.1.4' ],
22 silly audit   'define-properties': [ '1.2.1' ],
22 silly audit   'detect-libc': [ '2.1.2' ],
22 silly audit   doctrine: [ '2.1.0' ],
22 silly audit   'dom-helpers': [ '5.2.1' ],
22 silly audit   'dunder-proto': [ '1.0.1' ],
22 silly audit   'electron-to-chromium': [ '1.5.267' ],
22 silly audit   'emoji-regex': [ '9.2.2' ],
22 silly audit   'emoji-regex-xs': [ '2.0.1' ],
22 silly audit   'error-ex': [ '1.3.4' ],
22 silly audit   'es-abstract': [ '1.24.1' ],
22 silly audit   'es-define-property': [ '1.0.1' ],
22 silly audit   'es-errors': [ '1.3.0' ],
22 silly audit   'es-iterator-helpers': [ '1.2.2' ],
22 silly audit   'es-object-atoms': [ '1.1.1' ],
22 silly audit   'es-set-tostringtag': [ '2.1.0' ],
22 silly audit   'es-shim-unscopables': [ '1.1.0' ],
22 silly audit   'es-to-primitive': [ '1.3.0' ],
22 silly audit   esbuild: [ '0.27.1' ],
22 silly audit   escalade: [ '3.2.0' ],
22 silly audit   'escape-html': [ '1.0.3' ],
22 silly audit   'escape-string-regexp': [ '4.0.0' ],
22 silly audit   eslint: [ '9.39.2' ],
22 silly audit   'eslint-config-next': [ '16.1.1' ],
22 silly audit   globals: [ '16.4.0', '14.0.0' ],
22 silly audit   'eslint-import-resolver-node': [ '0.3.9' ],
22 silly audit   'eslint-import-resolver-typescript': [ '3.10.1' ],
22 silly audit   'eslint-module-utils': [ '2.12.1' ],
22 silly audit   'eslint-plugin-import': [ '2.32.0' ],
22 silly audit   'eslint-plugin-jsx-a11y': [ '6.10.2' ],
22 silly audit   'eslint-plugin-react': [ '7.37.5' ],
22 silly audit   'eslint-plugin-react-hooks': [ '7.0.1' ],
22 silly audit   resolve: [ '2.0.0-next.5', '1.22.11' ],
22 silly audit   'eslint-scope': [ '8.4.0' ],
22 silly audit   espree: [ '10.4.0' ],
22 silly audit   esquery: [ '1.6.0' ],
22 silly audit   esrecurse: [ '4.3.0' ],
22 silly audit   estraverse: [ '5.3.0' ],
22 silly audit   esutils: [ '2.0.3' ],
22 silly audit   'fast-deep-equal': [ '3.1.3' ],
22 silly audit   'fast-glob': [ '3.3.1' ],
22 silly audit   'glob-parent': [ '5.1.2', '6.0.2' ],
22 silly audit   'fast-json-stable-stringify': [ '2.1.0' ],
22 silly audit   'fast-levenshtein': [ '2.0.6' ],
22 silly audit   fastq: [ '1.20.1' ],
22 silly audit   fflate: [ '0.7.4' ],
22 silly audit   'file-entry-cache': [ '8.0.0' ],
22 silly audit   'fill-range': [ '7.1.1' ],
22 silly audit   'find-root': [ '1.1.0' ],
22 silly audit   'find-up': [ '5.0.0' ],
22 silly audit   'flat-cache': [ '4.0.1' ],
22 silly audit   flatted: [ '3.3.3' ],
22 silly audit   'for-each': [ '0.3.5' ],
22 silly audit   fsevents: [ '2.3.3' ],
22 silly audit   'function-bind': [ '1.1.2' ],
22 silly audit   'function.prototype.name': [ '1.1.8' ],
22 silly audit   'functions-have-names': [ '1.2.3' ],
22 silly audit   'generator-function': [ '2.0.1' ],
22 silly audit   gensync: [ '1.0.0-beta.2' ],
22 silly audit   'get-intrinsic': [ '1.3.0' ],
22 silly audit   'get-proto': [ '1.0.1' ],
22 silly audit   'get-symbol-description': [ '1.1.0' ],
22 silly audit   'get-tsconfig': [ '4.13.0' ],
22 silly audit   globalthis: [ '1.0.4' ],
22 silly audit   gopd: [ '1.2.0' ],
22 silly audit   gsap: [ '3.14.2' ],
22 silly audit   'has-bigints': [ '1.1.0' ],
22 silly audit   'has-flag': [ '4.0.0' ],
22 silly audit   'has-property-descriptors': [ '1.0.2' ],
22 silly audit   'has-proto': [ '1.2.0' ],
22 silly audit   'has-symbols': [ '1.1.0' ],
22 silly audit   'has-tostringtag': [ '1.0.2' ],
22 silly audit   hasown: [ '2.0.2' ],
22 silly audit   'hermes-estree': [ '0.25.1' ],
22 silly audit   'hermes-parser': [ '0.25.1' ],
22 silly audit   'hex-rgb': [ '4.3.0' ],
22 silly audit   'hoist-non-react-statics': [ '3.3.2' ],
22 silly audit   'import-fresh': [ '3.3.1' ],
22 silly audit   imurmurhash: [ '0.1.4' ],
22 silly audit   'internal-slot': [ '1.1.0' ],
22 silly audit   'is-array-buffer': [ '3.0.5' ],
22 silly audit   'is-arrayish': [ '0.2.1' ],
22 silly audit   'is-async-function': [ '2.1.1' ],
22 silly audit   'is-bigint': [ '1.1.0' ],
22 silly audit   'is-boolean-object': [ '1.2.2' ],
22 silly audit   'is-bun-module': [ '2.0.0' ],
22 silly audit   'is-callable': [ '1.2.7' ],
22 silly audit   'is-core-module': [ '2.16.1' ],
22 silly audit   'is-data-view': [ '1.0.2' ],
22 silly audit   'is-date-object': [ '1.1.0' ],
22 silly audit   'is-extglob': [ '2.1.1' ],
22 silly audit   'is-finalizationregistry': [ '1.1.1' ],
22 silly audit   'is-generator-function': [ '1.1.2' ],
22 silly audit   'is-glob': [ '4.0.3' ],
22 silly audit   'is-map': [ '2.0.3' ],
22 silly audit   'is-negative-zero': [ '2.0.3' ],
22 silly audit   'is-number': [ '7.0.0' ],
22 silly audit   'is-number-object': [ '1.1.1' ],
22 silly audit   'is-regex': [ '1.2.1' ],
22 silly audit   'is-set': [ '2.0.3' ],
22 silly audit   'is-shared-array-buffer': [ '1.0.4' ],
22 silly audit   'is-string': [ '1.1.1' ],
22 silly audit   'is-symbol': [ '1.1.1' ],
22 silly audit   'is-typed-array': [ '1.1.15' ],
22 silly audit   'is-weakmap': [ '2.0.2' ],
22 silly audit   'is-weakref': [ '1.1.1' ],
22 silly audit   'is-weakset': [ '2.0.4' ],
22 silly audit   isarray: [ '2.0.5' ],
22 silly audit   isexe: [ '2.0.0' ],
22 silly audit   'iterator.prototype': [ '1.1.5' ],
22 silly audit   'js-tokens': [ '4.0.0' ],
22 silly audit   'js-yaml': [ '4.1.1' ],
22 silly audit   jsesc: [ '3.1.0' ],
22 silly audit   'json-buffer': [ '3.0.1' ],
22 silly audit   'json-parse-even-better-errors': [ '2.3.1' ],
22 silly audit   'json-schema-traverse': [ '0.4.1' ],
22 silly audit   'json-stable-stringify-without-jsonify': [ '1.0.1' ],
22 silly audit   'jsx-ast-utils': [ '3.3.5' ],
22 silly audit   keyv: [ '4.5.4' ],
22 silly audit   'language-subtag-registry': [ '0.3.23' ],
22 silly audit   'language-tags': [ '1.0.9' ],
22 silly audit   levn: [ '0.4.1' ],
22 silly audit   linebreak: [ '1.1.0' ],
22 silly audit   'lines-and-columns': [ '1.2.4' ],
22 silly audit   'locate-path': [ '6.0.0' ],
22 silly audit   'lodash.merge': [ '4.6.2' ],
22 silly audit   'loose-envify': [ '1.4.0' ],
22 silly audit   'lru-cache': [ '5.1.1' ],
22 silly audit   'math-intrinsics': [ '1.1.0' ],
22 silly audit   merge2: [ '1.4.1' ],
22 silly audit   micromatch: [ '4.0.8' ],
22 silly audit   minimist: [ '1.2.8' ],
22 silly audit   ms: [ '2.1.3' ],
22 silly audit   nanoid: [ '3.3.11' ],
22 silly audit   'napi-postinstall': [ '0.3.4' ],
22 silly audit   'natural-compare': [ '1.4.0' ],
22 silly audit   next: [ '16.1.1' ],
22 silly audit   'node-releases': [ '2.0.27' ],
22 silly audit   'object-assign': [ '4.1.1' ],
22 silly audit   'object-inspect': [ '1.13.4' ],
22 silly audit   'object-keys': [ '1.1.1' ],
22 silly audit   'object.assign': [ '4.1.7' ],
22 silly audit   'object.entries': [ '1.1.9' ],
22 silly audit   'object.fromentries': [ '2.0.8' ],
22 silly audit   'object.groupby': [ '1.0.3' ],
22 silly audit   'object.values': [ '1.2.1' ],
22 silly audit   optionator: [ '0.9.4' ],
22 silly audit   'own-keys': [ '1.0.1' ],
22 silly audit   'p-limit': [ '3.1.0' ],
22 silly audit   'p-locate': [ '5.0.0' ],
22 silly audit   pako: [ '0.2.9' ],
22 silly audit   'parent-module': [ '1.0.1' ],
22 silly audit   'parse-css-color': [ '0.2.1' ],
22 silly audit   'parse-json': [ '5.2.0' ],
22 silly audit   'path-exists': [ '4.0.0' ],
22 silly audit   'path-key': [ '3.1.1' ],
22 silly audit   'path-parse': [ '1.0.7' ],
22 silly audit   'path-type': [ '4.0.0' ],
22 silly audit   picocolors: [ '1.1.1' ],
22 silly audit   picomatch: [ '2.3.1', '4.0.3' ],
22 silly audit   'possible-typed-array-names': [ '1.1.0' ],
22 silly audit   postcss: [ '8.4.31' ],
22 silly audit   'postcss-value-parser': [ '4.2.0' ],
22 silly audit   'prelude-ls': [ '1.2.1' ],
22 silly audit   'prop-types': [ '15.8.1' ],
22 silly audit   punycode: [ '2.3.1' ],
22 silly audit   'queue-microtask': [ '1.2.3' ],
22 silly audit   react: [ '19.2.3' ],
22 silly audit   'react-dom': [ '19.2.3' ],
22 silly audit   'react-icons': [ '5.5.0' ],
22 silly audit   'react-transition-group': [ '4.4.5' ],
22 silly audit   'reflect.getprototypeof': [ '1.0.10' ],
22 silly audit   'regexp.prototype.flags': [ '1.5.4' ],
22 silly audit   'resolve-from': [ '4.0.0' ],
22 silly audit   'resolve-pkg-maps': [ '1.0.0' ],
22 silly audit   reusify: [ '1.1.0' ],
22 silly audit   'run-parallel': [ '1.2.0' ],
22 silly audit   'safe-array-concat': [ '1.1.3' ],
22 silly audit   'safe-push-apply': [ '1.0.0' ],
22 silly audit   'safe-regex-test': [ '1.1.0' ],
22 silly audit   satori: [ '0.16.0' ],
22 silly audit   scheduler: [ '0.27.0' ],
22 silly audit   'set-function-length': [ '1.2.2' ],
22 silly audit   'set-function-name': [ '2.0.2' ],
22 silly audit   'set-proto': [ '1.0.0' ],
22 silly audit   sharp: [ '0.34.5' ],
22 silly audit   'shebang-command': [ '2.0.0' ],
22 silly audit   'shebang-regex': [ '3.0.0' ],
22 silly audit   'side-channel': [ '1.1.0' ],
22 silly audit   'side-channel-list': [ '1.0.0' ],
22 silly audit   'side-channel-map': [ '1.0.1' ],
22 silly audit   'side-channel-weakmap': [ '1.0.2' ],
22 silly audit   'simple-icons': [ '15.22.0' ],
22 silly audit   'source-map': [ '0.5.7' ],
22 silly audit   'source-map-js': [ '1.2.1' ],
22 silly audit   'stable-hash': [ '0.0.5' ],
22 silly audit   'stop-iteration-iterator': [ '1.1.0' ],
22 silly audit   'string.prototype.codepointat': [ '0.2.1' ],
22 silly audit   'string.prototype.includes': [ '2.0.1' ],
22 silly audit   'string.prototype.matchall': [ '4.0.12' ],
22 silly audit   'string.prototype.repeat': [ '1.0.0' ],
22 silly audit   'string.prototype.trim': [ '1.2.10' ],
22 silly audit   'string.prototype.trimend': [ '1.0.9' ],
22 silly audit   'string.prototype.trimstart': [ '1.0.8' ],
22 silly audit   'strip-bom': [ '3.0.0' ],
22 silly audit   'strip-json-comments': [ '3.1.1' ],
22 silly audit   'styled-jsx': [ '5.1.6' ],
22 silly audit   stylis: [ '4.2.0' ],
22 silly audit   'supports-color': [ '7.2.0' ],
22 silly audit   'supports-preserve-symlinks-flag': [ '1.0.0' ],
22 silly audit   'tiny-inflate': [ '1.0.3' ],
22 silly audit   tinyglobby: [ '0.2.15' ],
22 silly audit   fdir: [ '6.5.0' ],
22 silly audit   'to-regex-range': [ '5.0.1' ],
22 silly audit   'ts-api-utils': [ '2.1.0' ],
22 silly audit   'tsconfig-paths': [ '3.15.0' ],
22 silly audit   tslib: [ '2.8.1' ],
22 silly audit   tsx: [ '4.21.0' ],
22 silly audit   'type-check': [ '0.4.0' ],
22 silly audit   'typed-array-buffer': [ '1.0.3' ],
22 silly audit   'typed-array-byte-length': [ '1.0.3' ],
22 silly audit   'typed-array-byte-offset': [ '1.0.4' ],
22 silly audit   'typed-array-length': [ '1.0.7' ],
22 silly audit   typescript: [ '5.9.3' ],
22 silly audit   'typescript-eslint': [ '8.49.0' ],
22 silly audit   'unbox-primitive': [ '1.1.0' ],
22 silly audit   'undici-types': [ '6.21.0' ],
22 silly audit   'unicode-trie': [ '2.0.0' ],
22 silly audit   'unrs-resolver': [ '1.11.1' ],
22 silly audit   'update-browserslist-db': [ '1.2.2' ],
22 silly audit   'uri-js': [ '4.4.1' ],
22 silly audit   which: [ '2.0.2' ],
22 silly audit   'which-boxed-primitive': [ '1.1.1' ],
22 silly audit   'which-builtin-type': [ '1.2.1' ],
22 silly audit   'which-collection': [ '1.0.2' ],
22 silly audit   'which-typed-array': [ '1.1.19' ],
22 silly audit   'word-wrap': [ '1.2.5' ],
22 silly audit   yallist: [ '3.1.1' ],
22 silly audit   yaml: [ '1.10.2' ],
22 silly audit   'yocto-queue': [ '0.1.0' ],
22 silly audit   'yoga-layout': [ '3.2.1' ],
22 silly audit   zod: [ '4.1.13' ],
22 silly audit   'zod-validation-error': [ '4.0.2' ],
22 silly audit   '@emailjs/browser': [ '4.4.1' ]
22 silly audit }
23 http cache @emailjs/browser@https://registry.npmjs.org/@emailjs/browser/-/browser-4.4.1.tgz 0ms (cache hit)
24 http cache typescript@https://registry.npmjs.org/typescript/-/typescript-5.9.3.tgz 0ms (cache hit)
25 http cache tsx@https://registry.npmjs.org/tsx/-/tsx-4.21.0.tgz 1ms (cache hit)
26 http cache simple-icons@https://registry.npmjs.org/simple-icons/-/simple-icons-15.22.0.tgz 0ms (cache hit)
27 http cache react-icons@https://registry.npmjs.org/react-icons/-/react-icons-5.5.0.tgz 0ms (cache hit)
28 http cache react-dom@https://registry.npmjs.org/react-dom/-/react-dom-19.2.3.tgz 1ms (cache hit)
29 http cache next@https://registry.npmjs.org/next/-/next-16.1.1.tgz 0ms (cache hit)
30 http cache eslint-config-next@https://registry.npmjs.org/eslint-config-next/-/eslint-config-next-16.1.1.tgz 2ms (cache hit)
31 http cache @types/react-dom@https://registry.npmjs.org/@types/react-dom/-/react-dom-19.2.3.tgz 0ms (cache hit)
32 http cache eslint@https://registry.npmjs.org/eslint/-/eslint-9.39.2.tgz 0ms (cache hit)
33 http cache @types/react@https://registry.npmjs.org/@types/react/-/react-19.2.7.tgz 0ms (cache hit)
34 http cache react@https://registry.npmjs.org/react/-/react-19.2.3.tgz 0ms (cache hit)
35 http cache @types/node@https://registry.npmjs.org/@types/node/-/node-20.19.27.tgz 1ms (cache hit)
36 http cache @eslint/eslintrc@https://registry.npmjs.org/@eslint/eslintrc/-/eslintrc-3.3.3.tgz 0ms (cache hit)
37 http cache globals@https://registry.npmjs.org/globals/-/globals-16.4.0.tgz 0ms (cache hit)
38 http fetch POST 200 https://registry.npmjs.org/-/npm/v1/security/advisories/bulk 2869ms
39 silly audit report {
39 silly audit report   next: [
39 silly audit report     {
39 silly audit report       id: 1112592,
39 silly audit report       url: 'https://github.com/advisories/GHSA-9g9p-9gw9-jx7f',
39 silly audit report       title: 'Next.js self-hosted applications vulnerable to DoS via Image Optimizer remotePatterns configuration',
39 silly audit report       severity: 'moderate',
39 silly audit report       vulnerable_versions: '>=15.6.0-canary.0 <16.1.5',
39 silly audit report       cwe: [Array],
39 silly audit report       cvss: [Object]
39 silly audit report     },
39 silly audit report     {
39 silly audit report       id: 1112637,
39 silly audit report       url: 'https://github.com/advisories/GHSA-5f7q-jpqc-wp7h',
39 silly audit report       title: 'Next.js has Unbounded Memory Consumption via PPR Resume Endpoint ',
39 silly audit report       severity: 'moderate',
39 silly audit report       vulnerable_versions: '>=16.0.0-beta.0 <16.1.5',
39 silly audit report       cwe: [Array],
39 silly audit report       cvss: [Object]
39 silly audit report     },
39 silly audit report     {
39 silly audit report       id: 1112645,
39 silly audit report       url: 'https://github.com/advisories/GHSA-h25m-26qc-wcjf',
39 silly audit report       title: 'Next.js HTTP request deserialization can lead to DoS when using insecure React Server Components',
39 silly audit report       severity: 'high',
39 silly audit report       vulnerable_versions: '>=16.1.0-canary.0 <16.1.5',
39 silly audit report       cwe: [Array],
39 silly audit report       cvss: [Object]
39 silly audit report     }
39 silly audit report   ]
39 silly audit report }
40 silly packumentCache corgi:https://registry.npmjs.org/next cache-miss
41 http fetch GET 200 https://registry.npmjs.org/next 601ms (cache revalidated)
42 silly packumentCache corgi:https://registry.npmjs.org/next set size:23676790 disposed:false
43 silly packumentCache corgi:https://registry.npmjs.org/@mui%2fmaterial-nextjs cache-miss
44 http fetch GET 200 https://registry.npmjs.org/@mui%2fmaterial-nextjs 309ms (cache revalidated)
45 silly packumentCache corgi:https://registry.npmjs.org/@mui%2fmaterial-nextjs set size:69920 disposed:false
